<?xml version="1.0" encoding="utf-8"?>
<TestRun id="30f5eb02-4b20-4ecf-a12f-2a80bb55bf98" name="zw@DESKTOP-CQ5TKEK 2026-04-07 15:59:36" runUser="DESKTOP-CQ5TKEK\zw" xmlns="http://microsoft.com/schemas/VisualStudio/TeamTest/2010">
  <Times creation="2026-04-07T15:59:36.3431324+08:00" queuing="2026-04-07T15:59:36.3431327+08:00" start="2026-04-07T15:59:35.7357937+08:00" finish="2026-04-07T15:59:37.5083579+08:00" />
  <TestSettings name="default" id="03fda13e-8cfa-4903-a0c5-35e4c804d996">
    <Deployment runDeploymentRoot="zw_DESKTOP-CQ5TKEK_2026-04-07_15_59_36" />
  </TestSettings>
  <Results>
    <UnitTestResult executionId="2bbbe8eb-d019-4559-bd6e-06a8912b1ca2" testId="39dafb10-c8a5-8cfd-c176-267f10618a06" testName="WellTool.Crypto.Tests.OpensslKeyUtilTest.ReadPrivateKeyTest" computerName="DESKTOP-CQ5TKEK" duration="00:00:00.0000401" startTime="2026-04-07T15:59:36.3330743+08:00" endTime="2026-04-07T15:59:36.3330744+08:00" testType="13cdc9d9-ddb5-4fa4-a97d-d965ccfc6d4b" outcome="Passed" testListId="8c84fa94-04c1-424b-9868-57a2d4851a1d" relativeResultsDirectory="2bbbe8eb-d019-4559-bd6e-06a8912b1ca2" />
    <UnitTestResult executionId="37bedf6f-4779-4bee-bf60-3434b486c78b" testId="f6972b1b-a4d1-b15b-198d-ac8ba6a4207e" testName="WellTool.Crypto.Tests.Symmetric.SymmetricTests.TestSymmetric" computerName="DESKTOP-CQ5TKEK" duration="00:00:00.0000813" startTime="2026-04-07T15:59:36.3314168+08:00" endTime="2026-04-07T15:59:36.3314169+08:00" testType="13cdc9d9-ddb5-4fa4-a97d-d965ccfc6d4b" outcome="Passed" testListId="8c84fa94-04c1-424b-9868-57a2d4851a1d" relativeResultsDirectory="37bedf6f-4779-4bee-bf60-3434b486c78b" />
    <UnitTestResult executionId="0520d07c-1318-484f-89ff-5641af3b3bac" testId="5d92a850-78bf-7619-2b44-5e3c9f42811d" testName="WellTool.Crypto.Tests.XXTEATest.EncryptDecryptTest" computerName="DESKTOP-CQ5TKEK" duration="00:00:00.1335957" startTime="2026-04-07T15:59:36.4422563+08:00" endTime="2026-04-07T15:59:36.4422564+08:00" testType="13cdc9d9-ddb5-4fa4-a97d-d965ccfc6d4b" outcome="Passed" testListId="8c84fa94-04c1-424b-9868-57a2d4851a1d" relativeResultsDirectory="0520d07c-1318-484f-89ff-5641af3b3bac" />
    <UnitTestResult executionId="1f1dccfe-cd47-48e0-bbd4-d6542a51358c" testId="363dbbd2-aa35-97cf-633a-7c0a84cb209c" testName="WellTool.Crypto.Tests.SymmetricTest.AESEncryptDecryptTest" computerName="DESKTOP-CQ5TKEK" duration="00:00:00.0062680" startTime="2026-04-07T15:59:36.3476853+08:00" endTime="2026-04-07T15:59:36.3476854+08:00" testType="13cdc9d9-ddb5-4fa4-a97d-d965ccfc6d4b" outcome="Failed" testListId="8c84fa94-04c1-424b-9868-57a2d4851a1d" relativeResultsDirectory="1f1dccfe-cd47-48e0-bbd4-d6542a51358c">
      <Output>
        <ErrorInfo>
          <Message>System.Security.Cryptography.CryptographicException : Padding is invalid and cannot be removed.</Message>
          <StackTrace>   at System.Security.Cryptography.SymmetricPadding.GetPaddingLength(ReadOnlySpan`1 block, PaddingMode paddingMode, Int32 blockSize)&#xD;
   at System.Security.Cryptography.UniversalCryptoDecryptor.UncheckedTransformFinalBlock(ReadOnlySpan`1 inputBuffer, Span`1 outputBuffer)&#xD;
   at System.Security.Cryptography.UniversalCryptoDecryptor.UncheckedTransformFinalBlock(Byte[] inputBuffer, Int32 inputOffset, Int32 inputCount)&#xD;
   at System.Security.Cryptography.UniversalCryptoTransform.TransformFinalBlock(Byte[] inputBuffer, Int32 inputOffset, Int32 inputCount)&#xD;
   at System.Security.Cryptography.CryptoStream.ReadAsyncCore(Memory`1 buffer, CancellationToken cancellationToken, Boolean useAsync)&#xD;
   at System.Security.Cryptography.CryptoStream.Read(Byte[] buffer, Int32 offset, Int32 count)&#xD;
   at System.Security.Cryptography.CryptoStream.CopyTo(Stream destination, Int32 bufferSize)&#xD;
   at WellTool.Crypto.Symmetric.AES.Decrypt(Byte[] data, ICryptoTransform decryptor) in d:\Work\WellTool\src\WellTool.Crypto\Symmetric\AES.cs:line 118&#xD;
   at WellTool.Crypto.Symmetric.AES.Decrypt(Byte[] data) in d:\Work\WellTool\src\WellTool.Crypto\Symmetric\AES.cs:line 80&#xD;
   at WellTool.Crypto.Symmetric.SymmetricCrypto.DecryptStr(String encryptedHex) in d:\Work\WellTool\src\WellTool.Crypto\Symmetric\SymmetricCrypto.cs:line 101&#xD;
   at WellTool.Crypto.Tests.SymmetricTest.AESEncryptDecryptTest() in d:\Work\WellTool\src\WellTool.Crypto.Tests\SymmetricTest.cs:line 37&#xD;
   at System.RuntimeMethodHandle.InvokeMethod(Object target, Void** arguments, Signature sig, Boolean isConstructor)&#xD;
   at System.Reflection.MethodBaseInvoker.InvokeWithNoArgs(Object obj, BindingFlags invokeAttr)</StackTrace>
        </ErrorInfo>
      </Output>
    </UnitTestResult>
    <UnitTestResult executionId="e8aa99e6-cc79-45d8-ab62-0076a667898a" testId="542aa3cb-7489-34de-31d8-4da72be3e918" testName="WellTool.Crypto.Tests.KeyUtilTest.GenerateKeyTest" computerName="DESKTOP-CQ5TKEK" duration="00:00:00.0000660" startTime="2026-04-07T15:59:36.3404085+08:00" endTime="2026-04-07T15:59:36.3404086+08:00" testType="13cdc9d9-ddb5-4fa4-a97d-d965ccfc6d4b" outcome="Passed" testListId="8c84fa94-04c1-424b-9868-57a2d4851a1d" relativeResultsDirectory="e8aa99e6-cc79-45d8-ab62-0076a667898a" />
    <UnitTestResult executionId="98d6e220-4637-472f-8dcb-347a46dff85c" testId="3e5222d5-6bfb-f95c-7592-eae566318e40" testName="WellTool.Crypto.Tests.KeyUtilTests.TestKeyUtil" computerName="DESKTOP-CQ5TKEK" duration="00:00:00.0000823" startTime="2026-04-07T15:59:36.3325931+08:00" endTime="2026-04-07T15:59:36.3325931+08:00" testType="13cdc9d9-ddb5-4fa4-a97d-d965ccfc6d4b" outcome="Passed" testListId="8c84fa94-04c1-424b-9868-57a2d4851a1d" relativeResultsDirectory="98d6e220-4637-472f-8dcb-347a46dff85c" />
    <UnitTestResult executionId="48df470f-5ba2-483e-88db-8afd2f132d93" testId="5881c7a5-4071-6a80-a714-0582ed4a4dfe" testName="WellTool.Crypto.Tests.ZucTest.EncryptDecryptTest" computerName="DESKTOP-CQ5TKEK" duration="00:00:00.1242319" startTime="2026-04-07T15:59:36.4282835+08:00" endTime="2026-04-07T15:59:36.4282840+08:00" testType="13cdc9d9-ddb5-4fa4-a97d-d965ccfc6d4b" outcome="Passed" testListId="8c84fa94-04c1-424b-9868-57a2d4851a1d" relativeResultsDirectory="48df470f-5ba2-483e-88db-8afd2f132d93" />
    <UnitTestResult executionId="8af9dc54-8ade-4392-a243-26fa8ee90cad" testId="5981a5bb-1928-3b3a-4e7b-37bc03e411fa" testName="WellTool.Crypto.Tests.BCUtilTests.TestBCUtil" computerName="DESKTOP-CQ5TKEK" duration="00:00:00.0014113" startTime="2026-04-07T15:59:36.3397332+08:00" endTime="2026-04-07T15:59:36.3397333+08:00" testType="13cdc9d9-ddb5-4fa4-a97d-d965ccfc6d4b" outcome="Passed" testListId="8c84fa94-04c1-424b-9868-57a2d4851a1d" relativeResultsDirectory="8af9dc54-8ade-4392-a243-26fa8ee90cad" />
    <UnitTestResult executionId="7b1adebd-f57c-4466-a112-1fa66ea1042c" testId="67539e39-0daf-07c2-40b0-8a470073f64b" testName="WellTool.Crypto.Tests.Asymmetric.IssueID1EIKTests.TestIssueID1EIK" computerName="DESKTOP-CQ5TKEK" duration="00:00:00.0032144" startTime="2026-04-07T15:59:36.3099414+08:00" endTime="2026-04-07T15:59:36.3099415+08:00" testType="13cdc9d9-ddb5-4fa4-a97d-d965ccfc6d4b" outcome="Passed" testListId="8c84fa94-04c1-424b-9868-57a2d4851a1d" relativeResultsDirectory="7b1adebd-f57c-4466-a112-1fa66ea1042c" />
    <UnitTestResult executionId="fc65d71b-bccd-4034-a064-d53799f1055a" testId="a6a417fc-5254-ebaf-63be-27f4a56024e3" testName="WellTool.Crypto.Tests.SmTest.Sm4CBCModeTest" computerName="DESKTOP-CQ5TKEK" duration="00:00:00.1435314" startTime="2026-04-07T15:59:36.4464537+08:00" endTime="2026-04-07T15:59:36.4464541+08:00" testType="13cdc9d9-ddb5-4fa4-a97d-d965ccfc6d4b" outcome="Passed" testListId="8c84fa94-04c1-424b-9868-57a2d4851a1d" relativeResultsDirectory="fc65d71b-bccd-4034-a064-d53799f1055a" />
    <UnitTestResult executionId="67261ea4-bd17-416a-be9f-871a0c44547d" testId="5b5a6355-cad4-faab-a97d-f4afbf74a826" testName="WellTool.Crypto.Tests.KeyUtilTest.GenerateSymmetricKeyTest" computerName="DESKTOP-CQ5TKEK" duration="00:00:00.0000978" startTime="2026-04-07T15:59:36.3403510+08:00" endTime="2026-04-07T15:59:36.3403511+08:00" testType="13cdc9d9-ddb5-4fa4-a97d-d965ccfc6d4b" outcome="Passed" testListId="8c84fa94-04c1-424b-9868-57a2d4851a1d" relativeResultsDirectory="67261ea4-bd17-416a-be9f-871a0c44547d" />
    <UnitTestResult executionId="4d8ea056-f9e9-46c1-9b8e-eb27a7a66bab" testId="e8b7018f-ccd7-7ca3-c07e-33ed1ee8c684" testName="WellTool.Crypto.Tests.BCUtilTest.CreateSecureRandomTest" computerName="DESKTOP-CQ5TKEK" duration="00:00:00.0174193" startTime="2026-04-07T15:59:36.3398078+08:00" endTime="2026-04-07T15:59:36.3398078+08:00" testType="13cdc9d9-ddb5-4fa4-a97d-d965ccfc6d4b" outcome="Passed" testListId="8c84fa94-04c1-424b-9868-57a2d4851a1d" relativeResultsDirectory="4d8ea056-f9e9-46c1-9b8e-eb27a7a66bab" />
    <UnitTestResult executionId="838b9a9d-516f-4987-bb76-b1b443499e98" testId="623f0122-3fd1-387f-6f16-6dd0a7d09309" testName="WellTool.Crypto.Tests.Digest.BCryptTests.TestBCrypt" computerName="DESKTOP-CQ5TKEK" duration="00:00:00.0000894" startTime="2026-04-07T15:59:36.3249328+08:00" endTime="2026-04-07T15:59:36.3249328+08:00" testType="13cdc9d9-ddb5-4fa4-a97d-d965ccfc6d4b" outcome="Passed" testListId="8c84fa94-04c1-424b-9868-57a2d4851a1d" relativeResultsDirectory="838b9a9d-516f-4987-bb76-b1b443499e98" />
    <UnitTestResult executionId="1e3c985a-887b-4403-af07-9c4228f522b5" testId="56bf8683-afc3-fe77-d1a8-a36bdf8a5e46" testName="WellTool.Crypto.Tests.Asymmetric.ECIESTests.TestECIES" computerName="DESKTOP-CQ5TKEK" duration="00:00:00.0000980" startTime="2026-04-07T15:59:36.3465142+08:00" endTime="2026-04-07T15:59:36.3465142+08:00" testType="13cdc9d9-ddb5-4fa4-a97d-d965ccfc6d4b" outcome="Passed" testListId="8c84fa94-04c1-424b-9868-57a2d4851a1d" relativeResultsDirectory="1e3c985a-887b-4403-af07-9c4228f522b5" />
    <UnitTestResult executionId="821a9a15-1971-4feb-968d-c2d5dc11fc60" testId="425d1c3b-b55c-79b4-68e7-16c9caf6fc04" testName="WellTool.Crypto.Tests.SmTest.Sm4WithKeyTest" computerName="DESKTOP-CQ5TKEK" duration="00:00:00.0001945" startTime="2026-04-07T15:59:36.4509680+08:00" endTime="2026-04-07T15:59:36.4509681+08:00" testType="13cdc9d9-ddb5-4fa4-a97d-d965ccfc6d4b" outcome="Passed" testListId="8c84fa94-04c1-424b-9868-57a2d4851a1d" relativeResultsDirectory="821a9a15-1971-4feb-968d-c2d5dc11fc60" />
    <UnitTestResult executionId="2658d684-a271-4551-9241-7a5a2629cc17" testId="dafce02a-740d-73d2-2bc2-3a48f5aef369" testName="WellTool.Crypto.Tests.SecureUtilTest.Md5Test" computerName="DESKTOP-CQ5TKEK" duration="00:00:00.0001037" startTime="2026-04-07T15:59:36.4422266+08:00" endTime="2026-04-07T15:59:36.4422266+08:00" testType="13cdc9d9-ddb5-4fa4-a97d-d965ccfc6d4b" outcome="Passed" testListId="8c84fa94-04c1-424b-9868-57a2d4851a1d" relativeResultsDirectory="2658d684-a271-4551-9241-7a5a2629cc17" />
    <UnitTestResult executionId="1ed905c3-3905-40f6-9418-3d9e2d91220b" testId="a3e15f1a-cfff-59d1-8ea0-a45172db2ebb" testName="WellTool.Crypto.Tests.HmacTest.HmacSHA256Test" computerName="DESKTOP-CQ5TKEK" duration="00:00:00.0003136" startTime="2026-04-07T15:59:36.4310378+08:00" endTime="2026-04-07T15:59:36.4310379+08:00" testType="13cdc9d9-ddb5-4fa4-a97d-d965ccfc6d4b" outcome="Passed" testListId="8c84fa94-04c1-424b-9868-57a2d4851a1d" relativeResultsDirectory="1ed905c3-3905-40f6-9418-3d9e2d91220b" />
    <UnitTestResult executionId="22290507-6861-4056-9f1d-2dfa9f053bfc" testId="38d37c8f-c1f8-3005-4e3f-7d16ab4e06a6" testName="WellTool.Crypto.Tests.CBCBlockCipherMacEngineTest.Test" computerName="DESKTOP-CQ5TKEK" duration="00:00:00.0000536" startTime="2026-04-07T15:59:36.3331989+08:00" endTime="2026-04-07T15:59:36.3331990+08:00" testType="13cdc9d9-ddb5-4fa4-a97d-d965ccfc6d4b" outcome="Passed" testListId="8c84fa94-04c1-424b-9868-57a2d4851a1d" relativeResultsDirectory="22290507-6861-4056-9f1d-2dfa9f053bfc" />
    <UnitTestResult executionId="31e0659f-5277-467e-966c-aaf54a68bcf9" testId="f3f0fab4-2418-8dfe-0985-e11171141d69" testName="WellTool.Crypto.Tests.Sm4StreamTest.Test" computerName="DESKTOP-CQ5TKEK" duration="00:00:00.0001543" startTime="2026-04-07T15:59:36.3332961+08:00" endTime="2026-04-07T15:59:36.3332962+08:00" testType="13cdc9d9-ddb5-4fa4-a97d-d965ccfc6d4b" outcome="Passed" testListId="8c84fa94-04c1-424b-9868-57a2d4851a1d" relativeResultsDirectory="31e0659f-5277-467e-966c-aaf54a68bcf9" />
    <UnitTestResult executionId="7e39f9cb-11c4-4301-9852-d216bf0accd6" testId="e7a008c9-63b7-dddb-f876-afcfdeab0402" testName="WellTool.Crypto.Tests.PemUtilTests.TestPemUtil" computerName="DESKTOP-CQ5TKEK" duration="00:00:00.0032566" startTime="2026-04-07T15:59:36.3191980+08:00" endTime="2026-04-07T15:59:36.3191981+08:00" testType="13cdc9d9-ddb5-4fa4-a97d-d965ccfc6d4b" outcome="Passed" testListId="8c84fa94-04c1-424b-9868-57a2d4851a1d" relativeResultsDirectory="7e39f9cb-11c4-4301-9852-d216bf0accd6" />
    <UnitTestResult executionId="59d8604b-23b8-437e-9204-640539a074e8" testId="ab9cf7a8-ff20-6ecb-e75e-7bea4c71410d" testName="WellTool.Crypto.Tests.DigestTest.TestDigest" computerName="DESKTOP-CQ5TKEK" duration="00:00:00.0033642" startTime="2026-04-07T15:59:36.3103401+08:00" endTime="2026-04-07T15:59:36.3103401+08:00" testType="13cdc9d9-ddb5-4fa4-a97d-d965ccfc6d4b" outcome="Passed" testListId="8c84fa94-04c1-424b-9868-57a2d4851a1d" relativeResultsDirectory="59d8604b-23b8-437e-9204-640539a074e8" />
    <UnitTestResult executionId="3f20298c-afe6-415f-838f-532aef5b8c5a" testId="b4cc6004-e421-8dcf-ff88-f5c2155694c1" testName="WellTool.Crypto.Tests.Symmetric.Sm4StreamTests.TestSM4Stream" computerName="DESKTOP-CQ5TKEK" duration="00:00:00.0000963" startTime="2026-04-07T15:59:36.3465300+08:00" endTime="2026-04-07T15:59:36.3465301+08:00" testType="13cdc9d9-ddb5-4fa4-a97d-d965ccfc6d4b" outcome="Passed" testListId="8c84fa94-04c1-424b-9868-57a2d4851a1d" relativeResultsDirectory="3f20298c-afe6-415f-838f-532aef5b8c5a" />
    <UnitTestResult executionId="c4d296bc-825d-4acc-a1c9-8b84b2c75b94" testId="77d2fadd-ac1f-b50a-b74d-1152223b8bac" testName="WellTool.Crypto.Tests.Asymmetric.SignTests.TestSign" computerName="DESKTOP-CQ5TKEK" duration="00:00:00.0000798" startTime="2026-04-07T15:59:36.3321807+08:00" endTime="2026-04-07T15:59:36.3321808+08:00" testType="13cdc9d9-ddb5-4fa4-a97d-d965ccfc6d4b" outcome="Passed" testListId="8c84fa94-04c1-424b-9868-57a2d4851a1d" relativeResultsDirectory="c4d296bc-825d-4acc-a1c9-8b84b2c75b94" />
    <UnitTestResult executionId="f81d2812-8541-48e0-8d75-9b4234db22c0" testId="d3ba90b9-8e2d-28e0-34ca-94edabacd311" testName="WellTool.Crypto.Tests.RSATest.SmallKeySizeTest" computerName="DESKTOP-CQ5TKEK" duration="00:00:00.0048112" startTime="2026-04-07T15:59:36.3404961+08:00" endTime="2026-04-07T15:59:36.3404962+08:00" testType="13cdc9d9-ddb5-4fa4-a97d-d965ccfc6d4b" outcome="Passed" testListId="8c84fa94-04c1-424b-9868-57a2d4851a1d" relativeResultsDirectory="f81d2812-8541-48e0-8d75-9b4234db22c0" />
    <UnitTestResult executionId="0296b6fa-600b-4e83-b15a-4b370bda2f8a" testId="ac088367-32b2-1008-b19d-adcf7e6eb66c" testName="WellTool.Crypto.Tests.PBKDF2Test.DeriveKeyTest" computerName="DESKTOP-CQ5TKEK" duration="00:00:00.0036433" startTime="2026-04-07T15:59:36.3327002+08:00" endTime="2026-04-07T15:59:36.3327003+08:00" testType="13cdc9d9-ddb5-4fa4-a97d-d965ccfc6d4b" outcome="Passed" testListId="8c84fa94-04c1-424b-9868-57a2d4851a1d" relativeResultsDirectory="0296b6fa-600b-4e83-b15a-4b370bda2f8a" />
    <UnitTestResult executionId="20d47eaf-c9da-474a-a770-046f1bce76db" testId="51cc6622-d43b-cf55-d7b5-ab9268e8287f" testName="WellTool.Crypto.Tests.HmacTest.HmacMD5Test" computerName="DESKTOP-CQ5TKEK" duration="00:00:00.0001332" startTime="2026-04-07T15:59:36.4310949+08:00" endTime="2026-04-07T15:59:36.4310949+08:00" testType="13cdc9d9-ddb5-4fa4-a97d-d965ccfc6d4b" outcome="Passed" testListId="8c84fa94-04c1-424b-9868-57a2d4851a1d" relativeResultsDirectory="20d47eaf-c9da-474a-a770-046f1bce76db" />
    <UnitTestResult executionId="067584d4-c933-4457-8c0a-23f404122df1" testId="9bb0b352-09d1-b96d-26c7-dd107faa3a72" testName="WellTool.Crypto.Tests.Symmetric.RC4Tests.TestRC4" computerName="DESKTOP-CQ5TKEK" duration="00:00:00.0001508" startTime="2026-04-07T15:59:36.3332907+08:00" endTime="2026-04-07T15:59:36.3332909+08:00" testType="13cdc9d9-ddb5-4fa4-a97d-d965ccfc6d4b" outcome="Passed" testListId="8c84fa94-04c1-424b-9868-57a2d4851a1d" relativeResultsDirectory="067584d4-c933-4457-8c0a-23f404122df1" />
    <UnitTestResult executionId="5ca9eafc-5cf5-4f3f-8cc7-cb587afc3f1a" testId="85aaf55b-305c-e9ea-58dd-8878e41acdef" testName="WellTool.Crypto.Tests.Issue3512Test.Test" computerName="DESKTOP-CQ5TKEK" duration="00:00:00.0000834" startTime="2026-04-07T15:59:36.3396109+08:00" endTime="2026-04-07T15:59:36.3396109+08:00" testType="13cdc9d9-ddb5-4fa4-a97d-d965ccfc6d4b" outcome="Passed" testListId="8c84fa94-04c1-424b-9868-57a2d4851a1d" relativeResultsDirectory="5ca9eafc-5cf5-4f3f-8cc7-cb587afc3f1a" />
    <UnitTestResult executionId="8bc76237-96bb-46c4-b2c1-023490886260" testId="3bc66e06-12ea-f4d0-2bb0-2e8e520622d7" testName="WellTool.Crypto.Tests.Md5Test.DigestHexTest" computerName="DESKTOP-CQ5TKEK" duration="00:00:00.1268840" startTime="2026-04-07T15:59:36.4305962+08:00" endTime="2026-04-07T15:59:36.4305962+08:00" testType="13cdc9d9-ddb5-4fa4-a97d-d965ccfc6d4b" outcome="Passed" testListId="8c84fa94-04c1-424b-9868-57a2d4851a1d" relativeResultsDirectory="8bc76237-96bb-46c4-b2c1-023490886260" />
    <UnitTestResult executionId="b1da036d-9712-4404-a35a-6aa138622dbd" testId="603345dd-ef72-1dfe-06f0-bfcdba845071" testName="WellTool.Crypto.Tests.RSATest.RsaEncryptDecryptTest" computerName="DESKTOP-CQ5TKEK" duration="00:00:00.0742579" startTime="2026-04-07T15:59:36.3893519+08:00" endTime="2026-04-07T15:59:36.3893525+08:00" testType="13cdc9d9-ddb5-4fa4-a97d-d965ccfc6d4b" outcome="Passed" testListId="8c84fa94-04c1-424b-9868-57a2d4851a1d" relativeResultsDirectory="b1da036d-9712-4404-a35a-6aa138622dbd" />
    <UnitTestResult executionId="c7ba66e8-5d99-4788-8898-ccef7d31cefd" testId="3c77840d-e236-71dd-c7d6-060cc855e4ec" testName="WellTool.Crypto.Tests.FPETest.Test" computerName="DESKTOP-CQ5TKEK" duration="00:00:00.0000819" startTime="2026-04-07T15:59:36.3326494+08:00" endTime="2026-04-07T15:59:36.3326495+08:00" testType="13cdc9d9-ddb5-4fa4-a97d-d965ccfc6d4b" outcome="Passed" testListId="8c84fa94-04c1-424b-9868-57a2d4851a1d" relativeResultsDirectory="c7ba66e8-5d99-4788-8898-ccef7d31cefd" />
    <UnitTestResult executionId="d0c5e1e1-fa04-4d0a-b4f0-f439dbd5aa23" testId="019c1083-bce0-6771-1e00-15efeb541339" testName="WellTool.Crypto.Tests.SymmetricTest.DESedeEncryptDecryptTest" computerName="DESKTOP-CQ5TKEK" duration="00:00:00.0019787" startTime="2026-04-07T15:59:36.3490070+08:00" endTime="2026-04-07T15:59:36.3490071+08:00" testType="13cdc9d9-ddb5-4fa4-a97d-d965ccfc6d4b" outcome="Failed" testListId="8c84fa94-04c1-424b-9868-57a2d4851a1d" relativeResultsDirectory="d0c5e1e1-fa04-4d0a-b4f0-f439dbd5aa23">
      <Output>
        <ErrorInfo>
          <Message>Assert.Equal() Failure: Strings differ&#xD;
           ↓ (pos 0)&#xD;
Expected: "test中文"&#xD;
Actual:   "���N5m\u0010��"&#xD;
           ↑ (pos 0)</Message>
          <StackTrace>   at WellTool.Crypto.Tests.SymmetricTest.DESedeEncryptDecryptTest() in d:\Work\WellTool\src\WellTool.Crypto.Tests\SymmetricTest.cs:line 55&#xD;
   at System.RuntimeMethodHandle.InvokeMethod(Object target, Void** arguments, Signature sig, Boolean isConstructor)&#xD;
   at System.Reflection.MethodBaseInvoker.InvokeWithNoArgs(Object obj, BindingFlags invokeAttr)</StackTrace>
        </ErrorInfo>
      </Output>
    </UnitTestResult>
    <UnitTestResult executionId="37827a21-cb5f-40a3-b626-7662a7fb3a5f" testId="04f48ffe-e168-73a2-2d27-361f8c058506" testName="WellTool.Crypto.Tests.Asymmetric.RSATests.TestRSA" computerName="DESKTOP-CQ5TKEK" duration="00:00:00.0000755" startTime="2026-04-07T15:59:36.3320671+08:00" endTime="2026-04-07T15:59:36.3320671+08:00" testType="13cdc9d9-ddb5-4fa4-a97d-d965ccfc6d4b" outcome="Passed" testListId="8c84fa94-04c1-424b-9868-57a2d4851a1d" relativeResultsDirectory="37827a21-cb5f-40a3-b626-7662a7fb3a5f" />
    <UnitTestResult executionId="8d9fa88d-7179-40d8-9e67-9c31624c4908" testId="27d211e7-c19d-b822-6a1f-7cd17b79b4b5" testName="WellTool.Crypto.Tests.AESTest.TestAES" computerName="DESKTOP-CQ5TKEK" duration="00:00:00.0000878" startTime="2026-04-07T15:59:36.3398521+08:00" endTime="2026-04-07T15:59:36.3398522+08:00" testType="13cdc9d9-ddb5-4fa4-a97d-d965ccfc6d4b" outcome="Passed" testListId="8c84fa94-04c1-424b-9868-57a2d4851a1d" relativeResultsDirectory="8d9fa88d-7179-40d8-9e67-9c31624c4908" />
    <UnitTestResult executionId="e6bee6c7-b98e-4207-8d90-3ee683e0eae7" testId="a7424239-a07c-c5ca-aea8-0d80b5b45869" testName="WellTool.Crypto.Tests.Digest.HmacTests.TestHmac" computerName="DESKTOP-CQ5TKEK" duration="00:00:00.0000915" startTime="2026-04-07T15:59:36.3249586+08:00" endTime="2026-04-07T15:59:36.3249586+08:00" testType="13cdc9d9-ddb5-4fa4-a97d-d965ccfc6d4b" outcome="Passed" testListId="8c84fa94-04c1-424b-9868-57a2d4851a1d" relativeResultsDirectory="e6bee6c7-b98e-4207-8d90-3ee683e0eae7" />
    <UnitTestResult executionId="ecf3ba8e-7dba-4e52-9d0a-f9cfdea8719b" testId="52cb1909-3582-4a58-3319-6c7b1530f534" testName="WellTool.Crypto.Tests.SmTest.Sm4LongContentTest" computerName="DESKTOP-CQ5TKEK" duration="00:00:00.0007356" startTime="2026-04-07T15:59:36.4477727+08:00" endTime="2026-04-07T15:59:36.4477729+08:00" testType="13cdc9d9-ddb5-4fa4-a97d-d965ccfc6d4b" outcome="Passed" testListId="8c84fa94-04c1-424b-9868-57a2d4851a1d" relativeResultsDirectory="ecf3ba8e-7dba-4e52-9d0a-f9cfdea8719b" />
    <UnitTestResult executionId="693263b0-1400-4727-91b4-f9267c2d7653" testId="11c73094-ad21-49fd-278a-1906b67146b8" testName="WellTool.Crypto.Tests.Symmetric.TEATests.TestTEA" computerName="DESKTOP-CQ5TKEK" duration="00:00:00.0032243" startTime="2026-04-07T15:59:36.3192279+08:00" endTime="2026-04-07T15:59:36.3192279+08:00" testType="13cdc9d9-ddb5-4fa4-a97d-d965ccfc6d4b" outcome="Passed" testListId="8c84fa94-04c1-424b-9868-57a2d4851a1d" relativeResultsDirectory="693263b0-1400-4727-91b4-f9267c2d7653" />
    <UnitTestResult executionId="3a46c889-6ddf-49a1-a467-923e18888eb2" testId="9f898042-fad5-245a-9769-78aec1f14ab5" testName="WellTool.Crypto.Tests.KeyUtilTest.GenerateDesKeyTest" computerName="DESKTOP-CQ5TKEK" duration="00:00:00.0001936" startTime="2026-04-07T15:59:36.3739679+08:00" endTime="2026-04-07T15:59:36.3739680+08:00" testType="13cdc9d9-ddb5-4fa4-a97d-d965ccfc6d4b" outcome="Passed" testListId="8c84fa94-04c1-424b-9868-57a2d4851a1d" relativeResultsDirectory="3a46c889-6ddf-49a1-a467-923e18888eb2" />
    <UnitTestResult executionId="281f1d42-ab8f-4fd5-8106-0b7e04a793d4" testId="07329bc4-745a-1f9f-41b2-e64e88d93e69" testName="WellTool.Crypto.Tests.Symmetric.ChaCha20Tests.TestChaCha20" computerName="DESKTOP-CQ5TKEK" duration="00:00:00.0000656" startTime="2026-04-07T15:59:36.3325609+08:00" endTime="2026-04-07T15:59:36.3325609+08:00" testType="13cdc9d9-ddb5-4fa4-a97d-d965ccfc6d4b" outcome="Passed" testListId="8c84fa94-04c1-424b-9868-57a2d4851a1d" relativeResultsDirectory="281f1d42-ab8f-4fd5-8106-0b7e04a793d4" />
    <UnitTestResult executionId="f1cca1cc-7abc-4bc9-883c-01fe3874807a" testId="c8113868-1b74-567f-bf70-be70add6be5c" testName="WellTool.Crypto.Tests.SmTest.Sm4Test" computerName="DESKTOP-CQ5TKEK" duration="00:00:00.0001264" startTime="2026-04-07T15:59:36.4509096+08:00" endTime="2026-04-07T15:59:36.4509097+08:00" testType="13cdc9d9-ddb5-4fa4-a97d-d965ccfc6d4b" outcome="Passed" testListId="8c84fa94-04c1-424b-9868-57a2d4851a1d" relativeResultsDirectory="f1cca1cc-7abc-4bc9-883c-01fe3874807a" />
    <UnitTestResult executionId="155bb385-62cc-4576-b629-085d207e5529" testId="1e0619a8-2db2-8635-8959-cf1fe144c3fc" testName="WellTool.Crypto.Tests.Digest.PBKDF2Tests.TestPBKDF2" computerName="DESKTOP-CQ5TKEK" duration="00:00:00.0000824" startTime="2026-04-07T15:59:36.3398964+08:00" endTime="2026-04-07T15:59:36.3398964+08:00" testType="13cdc9d9-ddb5-4fa4-a97d-d965ccfc6d4b" outcome="Passed" testListId="8c84fa94-04c1-424b-9868-57a2d4851a1d" relativeResultsDirectory="155bb385-62cc-4576-b629-085d207e5529" />
    <UnitTestResult executionId="1bb5d3a0-4d13-4d6f-8d3d-510fb98e0e3b" testId="4b9376ca-a3fa-2e90-dfd7-d93dbe9bc65e" testName="WellTool.Crypto.Tests.SignTest.SignAndVerifyTest" computerName="DESKTOP-CQ5TKEK" duration="00:00:00.0841322" startTime="2026-04-07T15:59:36.3847576+08:00" endTime="2026-04-07T15:59:36.3847582+08:00" testType="13cdc9d9-ddb5-4fa4-a97d-d965ccfc6d4b" outcome="Passed" testListId="8c84fa94-04c1-424b-9868-57a2d4851a1d" relativeResultsDirectory="1bb5d3a0-4d13-4d6f-8d3d-510fb98e0e3b" />
    <UnitTestResult executionId="582d14d4-aee9-4fbf-bd5e-547b1e73f090" testId="16ac4e9f-ebaa-a231-e732-866b05524d95" testName="WellTool.Crypto.Tests.IssueI6OQJATest.Test" computerName="DESKTOP-CQ5TKEK" duration="00:00:00.0032111" startTime="2026-04-07T15:59:36.3191845+08:00" endTime="2026-04-07T15:59:36.3191845+08:00" testType="13cdc9d9-ddb5-4fa4-a97d-d965ccfc6d4b" outcome="Passed" testListId="8c84fa94-04c1-424b-9868-57a2d4851a1d" relativeResultsDirectory="582d14d4-aee9-4fbf-bd5e-547b1e73f090" />
    <UnitTestResult executionId="da82acac-d2f7-470e-8cad-c9cf3d3dc862" testId="8ad9d021-d856-bdc8-2f6f-6fa074ffd34a" testName="WellTool.Crypto.Tests.SmTest.Sm4ECBModeTest" computerName="DESKTOP-CQ5TKEK" duration="00:00:00.0001806" startTime="2026-04-07T15:59:36.4509390+08:00" endTime="2026-04-07T15:59:36.4509391+08:00" testType="13cdc9d9-ddb5-4fa4-a97d-d965ccfc6d4b" outcome="Passed" testListId="8c84fa94-04c1-424b-9868-57a2d4851a1d" relativeResultsDirectory="da82acac-d2f7-470e-8cad-c9cf3d3dc862" />
    <UnitTestResult executionId="55ae8a63-2d3a-4e1b-9f8a-e93be85674ea" testId="be2e8ef8-9082-8b53-9693-a729c3025921" testName="WellTool.Crypto.Tests.Symmetric.PBKDF2Tests.TestPBKDF2" computerName="DESKTOP-CQ5TKEK" duration="00:00:00.0000682" startTime="2026-04-07T15:59:36.3466016+08:00" endTime="2026-04-07T15:59:36.3466017+08:00" testType="13cdc9d9-ddb5-4fa4-a97d-d965ccfc6d4b" outcome="Passed" testListId="8c84fa94-04c1-424b-9868-57a2d4851a1d" relativeResultsDirectory="55ae8a63-2d3a-4e1b-9f8a-e93be85674ea" />
    <UnitTestResult executionId="eb6eadef-fee6-4cf2-b6f6-289452bd843c" testId="a72a30d0-c952-809f-ceca-9868ca914011" testName="WellTool.Crypto.Tests.Digest.OTPTests.TestOTP" computerName="DESKTOP-CQ5TKEK" duration="00:00:00.0032883" startTime="2026-04-07T15:59:36.3192034+08:00" endTime="2026-04-07T15:59:36.3192034+08:00" testType="13cdc9d9-ddb5-4fa4-a97d-d965ccfc6d4b" outcome="Passed" testListId="8c84fa94-04c1-424b-9868-57a2d4851a1d" relativeResultsDirectory="eb6eadef-fee6-4cf2-b6f6-289452bd843c" />
    <UnitTestResult executionId="7e78b527-6633-4a5b-98eb-a2f0670e0a7c" testId="82dcd9bf-36d5-73c8-1c2e-9479128e5ce9" testName="WellTool.Crypto.Tests.Digest.Argon2Tests.TestArgon2" computerName="DESKTOP-CQ5TKEK" duration="00:00:00.0000837" startTime="2026-04-07T15:59:36.3397701+08:00" endTime="2026-04-07T15:59:36.3397701+08:00" testType="13cdc9d9-ddb5-4fa4-a97d-d965ccfc6d4b" outcome="Passed" testListId="8c84fa94-04c1-424b-9868-57a2d4851a1d" relativeResultsDirectory="7e78b527-6633-4a5b-98eb-a2f0670e0a7c" />
    <UnitTestResult executionId="089d29c0-53ea-4c52-9aa8-e90acee1ac85" testId="16cd7918-142a-1d01-178d-a747a701e2cc" testName="WellTool.Crypto.Tests.SmTests.TestSM" computerName="DESKTOP-CQ5TKEK" duration="00:00:00.0032903" startTime="2026-04-07T15:59:36.3103041+08:00" endTime="2026-04-07T15:59:36.3103041+08:00" testType="13cdc9d9-ddb5-4fa4-a97d-d965ccfc6d4b" outcome="Passed" testListId="8c84fa94-04c1-424b-9868-57a2d4851a1d" relativeResultsDirectory="089d29c0-53ea-4c52-9aa8-e90acee1ac85" />
    <UnitTestResult executionId="de77b5ce-cd53-447c-9a76-c7e6def572f5" testId="39576e91-e516-7d9f-f139-ee4dcea88428" testName="WellTool.Crypto.Tests.SignTest.CreateSignTest" computerName="DESKTOP-CQ5TKEK" duration="00:00:00.0033738" startTime="2026-04-07T15:59:36.3192217+08:00" endTime="2026-04-07T15:59:36.3192218+08:00" testType="13cdc9d9-ddb5-4fa4-a97d-d965ccfc6d4b" outcome="Passed" testListId="8c84fa94-04c1-424b-9868-57a2d4851a1d" relativeResultsDirectory="de77b5ce-cd53-447c-9a76-c7e6def572f5" />
    <UnitTestResult executionId="5683c898-5f44-4186-b760-1f5ff96c0a5e" testId="a50dcf60-555b-f04b-1039-213497d8a0f9" testName="WellTool.Crypto.Tests.TEATest.EncryptDecryptTest" computerName="DESKTOP-CQ5TKEK" duration="00:00:00.1249903" startTime="2026-04-07T15:59:36.4295164+08:00" endTime="2026-04-07T15:59:36.4295166+08:00" testType="13cdc9d9-ddb5-4fa4-a97d-d965ccfc6d4b" outcome="Failed" testListId="8c84fa94-04c1-424b-9868-57a2d4851a1d" relativeResultsDirectory="5683c898-5f44-4186-b760-1f5ff96c0a5e">
      <Output>
        <ErrorInfo>
          <Message>Assert.Equal() Failure: Strings differ&#xD;
                ↓ (pos 5)&#xD;
Expected: "test中文"&#xD;
Actual:   "test中�"&#xD;
                ↑ (pos 5)</Message>
          <StackTrace>   at WellTool.Crypto.Tests.TEATest.EncryptDecryptTest() in d:\Work\WellTool\src\WellTool.Crypto.Tests\TEATest.cs:line 38&#xD;
   at System.RuntimeMethodHandle.InvokeMethod(Object target, Void** arguments, Signature sig, Boolean isConstructor)&#xD;
   at System.Reflection.MethodBaseInvoker.InvokeWithNoArgs(Object obj, BindingFlags invokeAttr)</StackTrace>
        </ErrorInfo>
      </Output>
    </UnitTestResult>
    <UnitTestResult executionId="293adba8-7dd4-404a-9c52-dd59944e8f31" testId="809b28bf-6bc6-9125-0dfa-3fed514dbe83" testName="WellTool.Crypto.Tests.Asymmetric.SM2Tests.TestSM2" computerName="DESKTOP-CQ5TKEK" duration="00:00:00.0000755" startTime="2026-04-07T15:59:36.3467136+08:00" endTime="2026-04-07T15:59:36.3467137+08:00" testType="13cdc9d9-ddb5-4fa4-a97d-d965ccfc6d4b" outcome="Passed" testListId="8c84fa94-04c1-424b-9868-57a2d4851a1d" relativeResultsDirectory="293adba8-7dd4-404a-9c52-dd59944e8f31" />
    <UnitTestResult executionId="11d1f989-1b03-4f3c-b599-47e0dc52b73f" testId="54319aba-9261-9657-25e0-c388650f852f" testName="WellTool.Crypto.Tests.Symmetric.FPE.FPETests.TestFPE" computerName="DESKTOP-CQ5TKEK" duration="00:00:00.0000870" startTime="2026-04-07T15:59:36.3314436+08:00" endTime="2026-04-07T15:59:36.3314437+08:00" testType="13cdc9d9-ddb5-4fa4-a97d-d965ccfc6d4b" outcome="Passed" testListId="8c84fa94-04c1-424b-9868-57a2d4851a1d" relativeResultsDirectory="11d1f989-1b03-4f3c-b599-47e0dc52b73f" />
    <UnitTestResult executionId="173d2f26-6044-4741-a9c4-90cf0d70414a" testId="d16aa401-03d0-95f9-a2b5-4635c9a7a3d3" testName="WellTool.Crypto.Tests.SecureUtilTest.Sha1Test" computerName="DESKTOP-CQ5TKEK" duration="00:00:00.0000788" startTime="2026-04-07T15:59:36.4918333+08:00" endTime="2026-04-07T15:59:36.4918334+08:00" testType="13cdc9d9-ddb5-4fa4-a97d-d965ccfc6d4b" outcome="Passed" testListId="8c84fa94-04c1-424b-9868-57a2d4851a1d" relativeResultsDirectory="173d2f26-6044-4741-a9c4-90cf0d70414a" />
    <UnitTestResult executionId="3337e522-b6be-4510-b420-ea71ebec5afa" testId="d00ff83d-eaf4-da0e-f481-f5a70b8c5e12" testName="WellTool.Crypto.Tests.HmacTest.HmacSHA1Test" computerName="DESKTOP-CQ5TKEK" duration="00:00:00.1357066" startTime="2026-04-07T15:59:36.4303403+08:00" endTime="2026-04-07T15:59:36.4303404+08:00" testType="13cdc9d9-ddb5-4fa4-a97d-d965ccfc6d4b" outcome="Passed" testListId="8c84fa94-04c1-424b-9868-57a2d4851a1d" relativeResultsDirectory="3337e522-b6be-4510-b420-ea71ebec5afa" />
    <UnitTestResult executionId="b20c47e2-9508-458a-b9de-6beb4a7aa500" testId="f91f1897-6609-d2e5-e090-4caabbace79b" testName="WellTool.Crypto.Tests.Symmetric.DesTests.TestDES" computerName="DESKTOP-CQ5TKEK" duration="00:00:00.0000890" startTime="2026-04-07T15:59:36.3331419+08:00" endTime="2026-04-07T15:59:36.3331419+08:00" testType="13cdc9d9-ddb5-4fa4-a97d-d965ccfc6d4b" outcome="Passed" testListId="8c84fa94-04c1-424b-9868-57a2d4851a1d" relativeResultsDirectory="b20c47e2-9508-458a-b9de-6beb4a7aa500" />
    <UnitTestResult executionId="9a961985-28d8-4700-8603-3babdc9bfd88" testId="c8aecdc4-e209-7a5c-c957-f3dadff4b4d7" testName="WellTool.Crypto.Tests.MacTests.TestMac" computerName="DESKTOP-CQ5TKEK" duration="00:00:00.0000816" startTime="2026-04-07T15:59:36.3315114+08:00" endTime="2026-04-07T15:59:36.3315114+08:00" testType="13cdc9d9-ddb5-4fa4-a97d-d965ccfc6d4b" outcome="Passed" testListId="8c84fa94-04c1-424b-9868-57a2d4851a1d" relativeResultsDirectory="9a961985-28d8-4700-8603-3babdc9bfd88" />
    <UnitTestResult executionId="39bde491-d131-4a4f-9545-8c4612fc1393" testId="07d50234-fe82-3e6c-480b-a1effd5fb281" testName="WellTool.Crypto.Tests.KeyUtilTest.GenerateRsaKeyPairTest" computerName="DESKTOP-CQ5TKEK" duration="00:00:00.0599765" startTime="2026-04-07T15:59:36.3731860+08:00" endTime="2026-04-07T15:59:36.3731865+08:00" testType="13cdc9d9-ddb5-4fa4-a97d-d965ccfc6d4b" outcome="Passed" testListId="8c84fa94-04c1-424b-9868-57a2d4851a1d" relativeResultsDirectory="39bde491-d131-4a4f-9545-8c4612fc1393" />
    <UnitTestResult executionId="bb7a10f7-d853-41ef-894b-5f182ba1004b" testId="95b8b5a2-9653-c8e6-309e-f2ba98147ec4" testName="WellTool.Crypto.Tests.SM2Test.CreateSM2WithKeysTest" computerName="DESKTOP-CQ5TKEK" duration="00:00:00.0032766" startTime="2026-04-07T15:59:36.3191923+08:00" endTime="2026-04-07T15:59:36.3191923+08:00" testType="13cdc9d9-ddb5-4fa4-a97d-d965ccfc6d4b" outcome="Passed" testListId="8c84fa94-04c1-424b-9868-57a2d4851a1d" relativeResultsDirectory="bb7a10f7-d853-41ef-894b-5f182ba1004b" />
    <UnitTestResult executionId="5ec35c11-02f4-492e-80ef-52f86eeeb48c" testId="de7e6ac9-7676-bf55-77ec-e4eb2ce62bd7" testName="WellTool.Crypto.Tests.SecureUtilTest.DigestTest" computerName="DESKTOP-CQ5TKEK" duration="00:00:00.1334034" startTime="2026-04-07T15:59:36.4402532+08:00" endTime="2026-04-07T15:59:36.4402537+08:00" testType="13cdc9d9-ddb5-4fa4-a97d-d965ccfc6d4b" outcome="Passed" testListId="8c84fa94-04c1-424b-9868-57a2d4851a1d" relativeResultsDirectory="5ec35c11-02f4-492e-80ef-52f86eeeb48c" />
    <UnitTestResult executionId="82474758-9545-4b2c-8ca4-f54cb91c1720" testId="65a5270a-3471-7bb8-a768-7a919e2d7f22" testName="WellTool.Crypto.Tests.SecureUtilTest.DesTest" computerName="DESKTOP-CQ5TKEK" duration="00:00:00.0011802" startTime="2026-04-07T15:59:36.4431401+08:00" endTime="2026-04-07T15:59:36.4431402+08:00" testType="13cdc9d9-ddb5-4fa4-a97d-d965ccfc6d4b" outcome="Failed" testListId="8c84fa94-04c1-424b-9868-57a2d4851a1d" relativeResultsDirectory="82474758-9545-4b2c-8ca4-f54cb91c1720">
      <Output>
        <ErrorInfo>
          <Message>Assert.Equal() Failure: Strings differ&#xD;
           ↓ (pos 0)&#xD;
Expected: "test中文"&#xD;
Actual:   ""D@݋\u0011J}��"&#xD;
           ↑ (pos 0)</Message>
          <StackTrace>   at WellTool.Crypto.Tests.SecureUtilTest.DesTest() in d:\Work\WellTool\src\WellTool.Crypto.Tests\SecureUtilTest.cs:line 66&#xD;
   at System.RuntimeMethodHandle.InvokeMethod(Object target, Void** arguments, Signature sig, Boolean isConstructor)&#xD;
   at System.Reflection.MethodBaseInvoker.InvokeWithNoArgs(Object obj, BindingFlags invokeAttr)</StackTrace>
        </ErrorInfo>
      </Output>
    </UnitTestResult>
    <UnitTestResult executionId="d2abc3a9-79b7-4d2d-bd05-4fd9a3068b81" testId="dbb3b3ab-05c5-ccc4-b3dd-bf73acab9a94" testName="WellTool.Crypto.Tests.RC4Test.EncryptDecryptTest" computerName="DESKTOP-CQ5TKEK" duration="00:00:00.1298319" startTime="2026-04-07T15:59:36.4340670+08:00" endTime="2026-04-07T15:59:36.4340672+08:00" testType="13cdc9d9-ddb5-4fa4-a97d-d965ccfc6d4b" outcome="Failed" testListId="8c84fa94-04c1-424b-9868-57a2d4851a1d" relativeResultsDirectory="d2abc3a9-79b7-4d2d-bd05-4fd9a3068b81">
      <Output>
        <ErrorInfo>
          <Message>Assert.Equal() Failure: Strings differ&#xD;
           ↓ (pos 0)&#xD;
Expected: "test中文"&#xD;
Actual:   "����9j�\u0005��"&#xD;
           ↑ (pos 0)</Message>
          <StackTrace>   at WellTool.Crypto.Tests.RC4Test.EncryptDecryptTest() in d:\Work\WellTool\src\WellTool.Crypto.Tests\RC4Test.cs:line 38&#xD;
   at System.RuntimeMethodHandle.InvokeMethod(Object target, Void** arguments, Signature sig, Boolean isConstructor)&#xD;
   at System.Reflection.MethodBaseInvoker.InvokeWithNoArgs(Object obj, BindingFlags invokeAttr)</StackTrace>
        </ErrorInfo>
      </Output>
    </UnitTestResult>
    <UnitTestResult executionId="30fb7465-682e-4812-a148-ddc810bf7a11" testId="71c6dbf1-a8cc-4306-ed0a-a193469b9cbd" testName="WellTool.Crypto.Tests.SecureUtilTest.GenerateKeyPairTest" computerName="DESKTOP-CQ5TKEK" duration="00:00:00.0480571" startTime="2026-04-07T15:59:36.4907371+08:00" endTime="2026-04-07T15:59:36.4907375+08:00" testType="13cdc9d9-ddb5-4fa4-a97d-d965ccfc6d4b" outcome="Passed" testListId="8c84fa94-04c1-424b-9868-57a2d4851a1d" relativeResultsDirectory="30fb7465-682e-4812-a148-ddc810bf7a11" />
    <UnitTestResult executionId="4c54afa7-38bc-471e-a007-ace88b812303" testId="2159f20a-fbdb-a2d3-8274-724f623cd7b4" testName="WellTool.Crypto.Tests.DesTest.EncryptDecryptTest" computerName="DESKTOP-CQ5TKEK" duration="00:00:00.0152262" startTime="2026-04-07T15:59:36.3460623+08:00" endTime="2026-04-07T15:59:36.3460624+08:00" testType="13cdc9d9-ddb5-4fa4-a97d-d965ccfc6d4b" outcome="Failed" testListId="8c84fa94-04c1-424b-9868-57a2d4851a1d" relativeResultsDirectory="4c54afa7-38bc-471e-a007-ace88b812303">
      <Output>
        <ErrorInfo>
          <Message>Assert.Equal() Failure: Strings differ&#xD;
           ↓ (pos 0)&#xD;
Expected: "test中文"&#xD;
Actual:   "7�j6©|X��"&#xD;
           ↑ (pos 0)</Message>
          <StackTrace>   at WellTool.Crypto.Tests.DesTest.EncryptDecryptTest() in d:\Work\WellTool\src\WellTool.Crypto.Tests\DesTest.cs:line 39&#xD;
   at System.RuntimeMethodHandle.InvokeMethod(Object target, Void** arguments, Signature sig, Boolean isConstructor)&#xD;
   at System.Reflection.MethodBaseInvoker.InvokeWithNoArgs(Object obj, BindingFlags invokeAttr)</StackTrace>
        </ErrorInfo>
      </Output>
    </UnitTestResult>
    <UnitTestResult executionId="1eef5043-7f78-4cdd-af9a-b10efab5f1b0" testId="0601216d-fc3b-22b9-10fe-e32ce93236a7" testName="WellTool.Crypto.Tests.SecureUtilTests.TestSecureUtil" computerName="DESKTOP-CQ5TKEK" duration="00:00:00.0000751" startTime="2026-04-07T15:59:36.3322226+08:00" endTime="2026-04-07T15:59:36.3322226+08:00" testType="13cdc9d9-ddb5-4fa4-a97d-d965ccfc6d4b" outcome="Passed" testListId="8c84fa94-04c1-424b-9868-57a2d4851a1d" relativeResultsDirectory="1eef5043-7f78-4cdd-af9a-b10efab5f1b0" />
    <UnitTestResult executionId="56069d2a-578e-4502-8b98-aeab55ebbba1" testId="28780880-1879-3697-0ba8-731b1ee04509" testName="WellTool.Crypto.Tests.SecureUtilTest.GenerateSymmetricKeyTest" computerName="DESKTOP-CQ5TKEK" duration="00:00:00.0032878" startTime="2026-04-07T15:59:36.3327517+08:00" endTime="2026-04-07T15:59:36.3327517+08:00" testType="13cdc9d9-ddb5-4fa4-a97d-d965ccfc6d4b" outcome="Passed" testListId="8c84fa94-04c1-424b-9868-57a2d4851a1d" relativeResultsDirectory="56069d2a-578e-4502-8b98-aeab55ebbba1" />
    <UnitTestResult executionId="e7f5f48a-86e7-46f7-bb34-6e3faf5063f4" testId="63b81561-c23e-7478-cc1d-8b615c999aa2" testName="WellTool.Crypto.Tests.Symmetric.AESTests.TestAES" computerName="DESKTOP-CQ5TKEK" duration="00:00:00.0000704" startTime="2026-04-07T15:59:36.3466255+08:00" endTime="2026-04-07T15:59:36.3466256+08:00" testType="13cdc9d9-ddb5-4fa4-a97d-d965ccfc6d4b" outcome="Passed" testListId="8c84fa94-04c1-424b-9868-57a2d4851a1d" relativeResultsDirectory="e7f5f48a-86e7-46f7-bb34-6e3faf5063f4" />
    <UnitTestResult executionId="edd9a660-0b90-45b6-b808-76e5cae95231" testId="788e9531-7c53-20ad-56ab-c9d4faf90ff9" testName="WellTool.Crypto.Tests.SecureUtilTest.HmacTest" computerName="DESKTOP-CQ5TKEK" duration="00:00:00.0009215" startTime="2026-04-07T15:59:36.4917251+08:00" endTime="2026-04-07T15:59:36.4917253+08:00" testType="13cdc9d9-ddb5-4fa4-a97d-d965ccfc6d4b" outcome="Passed" testListId="8c84fa94-04c1-424b-9868-57a2d4851a1d" relativeResultsDirectory="edd9a660-0b90-45b6-b808-76e5cae95231" />
    <UnitTestResult executionId="676ca4f8-f4f6-4f06-90f3-07a47269d4cc" testId="cfbbe9cc-87a4-5e6e-f7ec-c0617abc871e" testName="WellTool.Crypto.Tests.ChaCha20Test.EncryptDecryptTest" computerName="DESKTOP-CQ5TKEK" duration="00:00:00.0109061" startTime="2026-04-07T15:59:36.3482847+08:00" endTime="2026-04-07T15:59:36.3482848+08:00" testType="13cdc9d9-ddb5-4fa4-a97d-d965ccfc6d4b" outcome="Failed" testListId="8c84fa94-04c1-424b-9868-57a2d4851a1d" relativeResultsDirectory="676ca4f8-f4f6-4f06-90f3-07a47269d4cc">
      <Output>
        <ErrorInfo>
          <Message>System.Security.Cryptography.AuthenticationTagMismatchException : The computed authentication tag did not match the input authentication tag.</Message>
          <StackTrace>   at System.Security.Cryptography.AeadCommon.Decrypt(SafeKeyHandle keyHandle, ReadOnlySpan`1 nonce, ReadOnlySpan`1 associatedData, ReadOnlySpan`1 ciphertext, ReadOnlySpan`1 tag, Span`1 plaintext, Boolean clearPlaintextOnFailure)&#xD;
   at System.Security.Cryptography.ChaCha20Poly1305.Decrypt(Byte[] nonce, Byte[] ciphertext, Byte[] tag, Byte[] plaintext, Byte[] associatedData)&#xD;
   at WellTool.Crypto.Symmetric.ChaCha20.Decrypt(Byte[] ciphertext, Byte[] key, Byte[] nonce) in d:\Work\WellTool\src\WellTool.Crypto\Symmetric\ChaCha20.cs:line 70&#xD;
   at WellTool.Crypto.Tests.ChaCha20Test.EncryptDecryptTest() in d:\Work\WellTool\src\WellTool.Crypto.Tests\ChaCha20Test.cs:line 37&#xD;
   at System.RuntimeMethodHandle.InvokeMethod(Object target, Void** arguments, Signature sig, Boolean isConstructor)&#xD;
   at System.Reflection.MethodBaseInvoker.InvokeWithNoArgs(Object obj, BindingFlags invokeAttr)</StackTrace>
        </ErrorInfo>
      </Output>
    </UnitTestResult>
    <UnitTestResult executionId="2635919e-c9a7-4771-a848-cf70dd2db21c" testId="ca23ae93-0a81-d7a9-947a-f1116c2adf62" testName="WellTool.Crypto.Tests.Symmetric.ZucTests.TestZUC" computerName="DESKTOP-CQ5TKEK" duration="00:00:00.0000676" startTime="2026-04-07T15:59:36.3320969+08:00" endTime="2026-04-07T15:59:36.3320970+08:00" testType="13cdc9d9-ddb5-4fa4-a97d-d965ccfc6d4b" outcome="Passed" testListId="8c84fa94-04c1-424b-9868-57a2d4851a1d" relativeResultsDirectory="2635919e-c9a7-4771-a848-cf70dd2db21c" />
    <UnitTestResult executionId="2b90aac0-d97e-4ca8-81d2-e2663ccb5381" testId="8f1d0730-d7db-5550-af0e-49f544762989" testName="WellTool.Crypto.Tests.Asymmetric.IssueI6OQJATests.TestIssueI6OQJA" computerName="DESKTOP-CQ5TKEK" duration="00:00:00.0000576" startTime="2026-04-07T15:59:36.3466835+08:00" endTime="2026-04-07T15:59:36.3466835+08:00" testType="13cdc9d9-ddb5-4fa4-a97d-d965ccfc6d4b" outcome="Passed" testListId="8c84fa94-04c1-424b-9868-57a2d4851a1d" relativeResultsDirectory="2b90aac0-d97e-4ca8-81d2-e2663ccb5381" />
    <UnitTestResult executionId="1a2f93ea-2054-41c0-a0b2-f808ea4c089f" testId="36142ddc-cdd7-ec99-0661-208befc9689a" testName="WellTool.Crypto.Tests.SecureUtilTest.AesTest" computerName="DESKTOP-CQ5TKEK" duration="00:00:00.0006135" startTime="2026-04-07T15:59:36.4421751+08:00" endTime="2026-04-07T15:59:36.4421753+08:00" testType="13cdc9d9-ddb5-4fa4-a97d-d965ccfc6d4b" outcome="Failed" testListId="8c84fa94-04c1-424b-9868-57a2d4851a1d" relativeResultsDirectory="1a2f93ea-2054-41c0-a0b2-f808ea4c089f">
      <Output>
        <ErrorInfo>
          <Message>System.Security.Cryptography.CryptographicException : Padding is invalid and cannot be removed.</Message>
          <StackTrace>   at System.Security.Cryptography.SymmetricPadding.GetPaddingLength(ReadOnlySpan`1 block, PaddingMode paddingMode, Int32 blockSize)&#xD;
   at System.Security.Cryptography.UniversalCryptoDecryptor.UncheckedTransformFinalBlock(ReadOnlySpan`1 inputBuffer, Span`1 outputBuffer)&#xD;
   at System.Security.Cryptography.UniversalCryptoDecryptor.UncheckedTransformFinalBlock(Byte[] inputBuffer, Int32 inputOffset, Int32 inputCount)&#xD;
   at System.Security.Cryptography.UniversalCryptoTransform.TransformFinalBlock(Byte[] inputBuffer, Int32 inputOffset, Int32 inputCount)&#xD;
   at System.Security.Cryptography.CryptoStream.ReadAsyncCore(Memory`1 buffer, CancellationToken cancellationToken, Boolean useAsync)&#xD;
   at System.Security.Cryptography.CryptoStream.Read(Byte[] buffer, Int32 offset, Int32 count)&#xD;
   at System.Security.Cryptography.CryptoStream.CopyTo(Stream destination, Int32 bufferSize)&#xD;
   at WellTool.Crypto.Symmetric.AES.Decrypt(Byte[] data, ICryptoTransform decryptor) in d:\Work\WellTool\src\WellTool.Crypto\Symmetric\AES.cs:line 118&#xD;
   at WellTool.Crypto.Symmetric.AES.Decrypt(Byte[] data) in d:\Work\WellTool\src\WellTool.Crypto\Symmetric\AES.cs:line 80&#xD;
   at WellTool.Crypto.Symmetric.SymmetricCrypto.DecryptStr(String encryptedHex, Encoding encoding) in d:\Work\WellTool\src\WellTool.Crypto\Symmetric\SymmetricCrypto.cs:line 114&#xD;
   at WellTool.Crypto.Tests.SecureUtilTest.AesTest() in d:\Work\WellTool\src\WellTool.Crypto.Tests\SecureUtilTest.cs:line 47&#xD;
   at System.RuntimeMethodHandle.InvokeMethod(Object target, Void** arguments, Signature sig, Boolean isConstructor)&#xD;
   at System.Reflection.MethodBaseInvoker.InvokeWithNoArgs(Object obj, BindingFlags invokeAttr)</StackTrace>
        </ErrorInfo>
      </Output>
    </UnitTestResult>
    <UnitTestResult executionId="ba1cfd43-6810-48c4-ab8f-4eb1f57e39f4" testId="c575c766-f279-bebf-c240-720908f9bf2d" testName="WellTool.Crypto.Tests.OpensslKeyUtilTest.ReadPublicKeyTest" computerName="DESKTOP-CQ5TKEK" duration="00:00:00.0001468" startTime="2026-04-07T15:59:36.3330416+08:00" endTime="2026-04-07T15:59:36.3330416+08:00" testType="13cdc9d9-ddb5-4fa4-a97d-d965ccfc6d4b" outcome="Passed" testListId="8c84fa94-04c1-424b-9868-57a2d4851a1d" relativeResultsDirectory="ba1cfd43-6810-48c4-ab8f-4eb1f57e39f4" />
    <UnitTestResult executionId="01ae20cd-b9ba-454d-a9d2-29b6d235d413" testId="c565ac1f-dca7-6afb-1ecb-a61febc03dcf" testName="WellTool.Crypto.Tests.CryptoUtilTest.Test" computerName="DESKTOP-CQ5TKEK" duration="00:00:00.0001134" startTime="2026-04-07T15:59:36.3249947+08:00" endTime="2026-04-07T15:59:36.3249947+08:00" testType="13cdc9d9-ddb5-4fa4-a97d-d965ccfc6d4b" outcome="Passed" testListId="8c84fa94-04c1-424b-9868-57a2d4851a1d" relativeResultsDirectory="01ae20cd-b9ba-454d-a9d2-29b6d235d413" />
    <UnitTestResult executionId="b7b37935-2cb4-41ea-805d-95c702a7cfd1" testId="4584d83d-77fe-247e-3a32-01a8c25768a4" testName="WellTool.Crypto.Tests.SM2Test.CreateSM2Test" computerName="DESKTOP-CQ5TKEK" duration="00:00:00.0001782" startTime="2026-04-07T15:59:36.3200552+08:00" endTime="2026-04-07T15:59:36.3200553+08:00" testType="13cdc9d9-ddb5-4fa4-a97d-d965ccfc6d4b" outcome="Passed" testListId="8c84fa94-04c1-424b-9868-57a2d4851a1d" relativeResultsDirectory="b7b37935-2cb4-41ea-805d-95c702a7cfd1" />
    <UnitTestResult executionId="df06366b-719e-4335-a0d4-99d5913fe785" testId="929d7180-065b-b354-54f3-73a926aa4333" testName="WellTool.Crypto.Tests.SmTest.Sm3Test" computerName="DESKTOP-CQ5TKEK" duration="00:00:00.0019930" startTime="2026-04-07T15:59:36.4508531+08:00" endTime="2026-04-07T15:59:36.4508532+08:00" testType="13cdc9d9-ddb5-4fa4-a97d-d965ccfc6d4b" outcome="Failed" testListId="8c84fa94-04c1-424b-9868-57a2d4851a1d" relativeResultsDirectory="df06366b-719e-4335-a0d4-99d5913fe785">
      <Output>
        <ErrorInfo>
          <Message>System.ArgumentOutOfRangeException : Specified argument was out of the range of valid values. (Parameter 'length')</Message>
          <StackTrace>   at Org.BouncyCastle.Crypto.Utilities.Pack.UInt32_To_BE(UInt32 n, Byte[] bs, Int32 off)&#xD;
   at Org.BouncyCastle.Crypto.Utilities.Pack.UInt32_To_BE(UInt32[] ns, Byte[] bs, Int32 off)&#xD;
   at Org.BouncyCastle.Crypto.Digests.SM3Digest.DoFinal(Byte[] output, Int32 outOff)&#xD;
   at WellTool.Crypto.Digest.SM3.Digest(Byte[] data) in d:\Work\WellTool\src\WellTool.Crypto\Digest\SM3.cs:line 98&#xD;
   at WellTool.Crypto.Digest.SM3.DigestHex(Byte[] data) in d:\Work\WellTool\src\WellTool.Crypto\Digest\SM3.cs:line 121&#xD;
   at WellTool.Crypto.Digest.SM3.DigestHex(String data) in d:\Work\WellTool\src\WellTool.Crypto\Digest\SM3.cs:line 130&#xD;
   at WellTool.Crypto.Tests.SmTest.Sm3Test() in d:\Work\WellTool\src\WellTool.Crypto.Tests\SmTest.cs:line 29&#xD;
   at System.RuntimeMethodHandle.InvokeMethod(Object target, Void** arguments, Signature sig, Boolean isConstructor)&#xD;
   at System.Reflection.MethodBaseInvoker.InvokeWithNoArgs(Object obj, BindingFlags invokeAttr)</StackTrace>
        </ErrorInfo>
      </Output>
    </UnitTestResult>
    <UnitTestResult executionId="9e361510-a822-4283-bd7b-31374a0d225b" testId="6cceb1cf-3448-31c0-f3c0-710dc0a129a9" testName="WellTool.Crypto.Tests.Digest.Md5Tests.TestMD5" computerName="DESKTOP-CQ5TKEK" duration="00:00:00.0032285" startTime="2026-04-07T15:59:36.3103157+08:00" endTime="2026-04-07T15:59:36.3103158+08:00" testType="13cdc9d9-ddb5-4fa4-a97d-d965ccfc6d4b" outcome="Passed" testListId="8c84fa94-04c1-424b-9868-57a2d4851a1d" relativeResultsDirectory="9e361510-a822-4283-bd7b-31374a0d225b" />
    <UnitTestResult executionId="2d3e62fd-3c8c-4e1a-9fb6-eeb53804450a" testId="f238111e-7078-4e99-e310-c2b35e4da60c" testName="WellTool.Crypto.Tests.ECIESTest.CreateECIESTest" computerName="DESKTOP-CQ5TKEK" duration="00:00:00.0101046" startTime="2026-04-07T15:59:36.3453350+08:00" endTime="2026-04-07T15:59:36.3453352+08:00" testType="13cdc9d9-ddb5-4fa4-a97d-d965ccfc6d4b" outcome="Failed" testListId="8c84fa94-04c1-424b-9868-57a2d4851a1d" relativeResultsDirectory="2d3e62fd-3c8c-4e1a-9fb6-eeb53804450a">
      <Output>
        <ErrorInfo>
          <Message>System.NullReferenceException : Object reference not set to an instance of an object.</Message>
          <StackTrace>   at Org.BouncyCastle.Crypto.Parameters.ECDomainParameters..ctor(X9ECParameters x9)&#xD;
   at WellTool.Crypto.Asymmetric.ECIES..ctor(String curveName) in d:\Work\WellTool\src\WellTool.Crypto\Asymmetric\ECIES.cs:line 23&#xD;
   at WellTool.Crypto.Tests.ECIESTest.CreateECIESTest() in d:\Work\WellTool\src\WellTool.Crypto.Tests\ECIESTest.cs:line 29&#xD;
   at System.RuntimeMethodHandle.InvokeMethod(Object target, Void** arguments, Signature sig, Boolean isConstructor)&#xD;
   at System.Reflection.MethodBaseInvoker.InvokeWithNoArgs(Object obj, BindingFlags invokeAttr)</StackTrace>
        </ErrorInfo>
      </Output>
    </UnitTestResult>
    <UnitTestResult executionId="dea990b2-5a64-48a1-ab5c-d83b87fcf2af" testId="869e1b18-ad76-ff63-0165-dd00638b201f" testName="WellTool.Crypto.Tests.Md5Test.DigestTest" computerName="DESKTOP-CQ5TKEK" duration="00:00:00.0001445" startTime="2026-04-07T15:59:36.4310731+08:00" endTime="2026-04-07T15:59:36.4310731+08:00" testType="13cdc9d9-ddb5-4fa4-a97d-d965ccfc6d4b" outcome="Passed" testListId="8c84fa94-04c1-424b-9868-57a2d4851a1d" relativeResultsDirectory="dea990b2-5a64-48a1-ab5c-d83b87fcf2af" />
    <UnitTestResult executionId="e552cbe5-25c0-499a-af9b-9add9457eff4" testId="f2a40857-b285-69b1-1e89-dacd79e80e45" testName="WellTool.Crypto.Tests.IssueID1EIKTest.Test" computerName="DESKTOP-CQ5TKEK" duration="00:00:00.0000677" startTime="2026-04-07T15:59:36.3396641+08:00" endTime="2026-04-07T15:59:36.3396641+08:00" testType="13cdc9d9-ddb5-4fa4-a97d-d965ccfc6d4b" outcome="Passed" testListId="8c84fa94-04c1-424b-9868-57a2d4851a1d" relativeResultsDirectory="e552cbe5-25c0-499a-af9b-9add9457eff4" />
    <UnitTestResult executionId="96b66bac-e4c8-4bd9-8873-0338f1434f22" testId="6bf98172-4cb2-2c2a-ce07-b40f0dfefdf2" testName="WellTool.Crypto.Tests.BCryptTest.HashAndVerifyTest" computerName="DESKTOP-CQ5TKEK" duration="00:00:01.1402460" startTime="2026-04-07T15:59:37.4435572+08:00" endTime="2026-04-07T15:59:37.4435577+08:00" testType="13cdc9d9-ddb5-4fa4-a97d-d965ccfc6d4b" outcome="Passed" testListId="8c84fa94-04c1-424b-9868-57a2d4851a1d" relativeResultsDirectory="96b66bac-e4c8-4bd9-8873-0338f1434f22" />
    <UnitTestResult executionId="522789f8-2998-4218-9e9f-e6ea8dad24b7" testId="60a1f433-f349-815d-6862-9286f8b95d6f" testName="WellTool.Crypto.Tests.OpensslKeyUtilTests.TestOpensslKeyUtil" computerName="DESKTOP-CQ5TKEK" duration="00:00:00.0000618" startTime="2026-04-07T15:59:36.3396990+08:00" endTime="2026-04-07T15:59:36.3396990+08:00" testType="13cdc9d9-ddb5-4fa4-a97d-d965ccfc6d4b" outcome="Passed" testListId="8c84fa94-04c1-424b-9868-57a2d4851a1d" relativeResultsDirectory="522789f8-2998-4218-9e9f-e6ea8dad24b7" />
    <UnitTestResult executionId="1ca9b633-6ee5-427a-bdda-9a76762d3955" testId="73aea337-c57b-6076-14de-eba120de9a0d" testName="WellTool.Crypto.Tests.Argon2Test.HashAndVerifyTest" computerName="DESKTOP-CQ5TKEK" duration="00:00:00.6060957" startTime="2026-04-07T15:59:36.9092288+08:00" endTime="2026-04-07T15:59:36.9092292+08:00" testType="13cdc9d9-ddb5-4fa4-a97d-d965ccfc6d4b" outcome="Passed" testListId="8c84fa94-04c1-424b-9868-57a2d4851a1d" relativeResultsDirectory="1ca9b633-6ee5-427a-bdda-9a76762d3955" />
    <UnitTestResult executionId="f3e4f642-d7ef-468e-9e7d-0e4e3b76d663" testId="44bc3814-9889-8920-bfa0-157e20b020e1" testName="WellTool.Crypto.Tests.SmTest.HmacSm3Test" computerName="DESKTOP-CQ5TKEK" duration="00:00:00.0003230" startTime="2026-04-07T15:59:36.4475346+08:00" endTime="2026-04-07T15:59:36.4475348+08:00" testType="13cdc9d9-ddb5-4fa4-a97d-d965ccfc6d4b" outcome="Failed" testListId="8c84fa94-04c1-424b-9868-57a2d4851a1d" relativeResultsDirectory="f3e4f642-d7ef-468e-9e7d-0e4e3b76d663">
      <Output>
        <ErrorInfo>
          <Message>System.NullReferenceException : Object reference not set to an instance of an object.</Message>
          <StackTrace>   at WellTool.Crypto.Digest.HMac..ctor(String algorithm, Byte[] key) in d:\Work\WellTool\src\WellTool.Crypto\Digest\HMac.cs:line 18&#xD;
   at WellTool.Crypto.Tests.SmTest.HmacSm3Test() in d:\Work\WellTool\src\WellTool.Crypto.Tests\SmTest.cs:line 106&#xD;
   at System.RuntimeMethodHandle.InvokeMethod(Object target, Void** arguments, Signature sig, Boolean isConstructor)&#xD;
   at System.Reflection.MethodBaseInvoker.InvokeWithNoArgs(Object obj, BindingFlags invokeAttr)</StackTrace>
        </ErrorInfo>
      </Output>
    </UnitTestResult>
    <UnitTestResult executionId="e367c7c7-2e93-472f-9c03-86df17a3a17a" testId="af666f4c-e3a8-8a95-7266-e20691b4da45" testName="WellTool.Crypto.Tests.Issue3925Test.Test" computerName="DESKTOP-CQ5TKEK" duration="00:00:00.0001285" startTime="2026-04-07T15:59:36.3250306+08:00" endTime="2026-04-07T15:59:36.3250306+08:00" testType="13cdc9d9-ddb5-4fa4-a97d-d965ccfc6d4b" outcome="Passed" testListId="8c84fa94-04c1-424b-9868-57a2d4851a1d" relativeResultsDirectory="e367c7c7-2e93-472f-9c03-86df17a3a17a" />
    <UnitTestResult executionId="a227485a-8b7a-4810-a698-3e32208aaf33" testId="c7fa3383-8c69-39e1-3edc-0753c5f5e520" testName="WellTool.Crypto.Tests.SecureUtilTest.Sha256Test" computerName="DESKTOP-CQ5TKEK" duration="00:00:00.0000874" startTime="2026-04-07T15:59:36.4919321+08:00" endTime="2026-04-07T15:59:36.4919321+08:00" testType="13cdc9d9-ddb5-4fa4-a97d-d965ccfc6d4b" outcome="Passed" testListId="8c84fa94-04c1-424b-9868-57a2d4851a1d" relativeResultsDirectory="a227485a-8b7a-4810-a698-3e32208aaf33" />
    <UnitTestResult executionId="445826b9-ba19-4d7e-9e4b-e69ff30f919b" testId="bcc12f20-ba54-33a3-0e58-56d3c8e8ea11" testName="WellTool.Crypto.Tests.PemUtilTest.ReadPublicKeyTest" computerName="DESKTOP-CQ5TKEK" duration="00:00:00.0001105" startTime="2026-04-07T15:59:36.3315389+08:00" endTime="2026-04-07T15:59:36.3315390+08:00" testType="13cdc9d9-ddb5-4fa4-a97d-d965ccfc6d4b" outcome="Passed" testListId="8c84fa94-04c1-424b-9868-57a2d4851a1d" relativeResultsDirectory="445826b9-ba19-4d7e-9e4b-e69ff30f919b" />
    <UnitTestResult executionId="5cb1302a-e138-4d97-8a4a-8258d2b64202" testId="d4f08811-35fe-abbf-64eb-25d0d49efb03" testName="WellTool.Crypto.Tests.PemUtilTest.ReadPrivateKeyTest" computerName="DESKTOP-CQ5TKEK" duration="00:00:00.0000316" startTime="2026-04-07T15:59:36.3320222+08:00" endTime="2026-04-07T15:59:36.3320222+08:00" testType="13cdc9d9-ddb5-4fa4-a97d-d965ccfc6d4b" outcome="Passed" testListId="8c84fa94-04c1-424b-9868-57a2d4851a1d" relativeResultsDirectory="5cb1302a-e138-4d97-8a4a-8258d2b64202" />
    <UnitTestResult executionId="7fbbcf7f-1d75-4c43-9041-5104acb5fd81" testId="94085720-dee1-b116-f252-807ef78008da" testName="WellTool.Crypto.Tests.KeyUtilTest.GenerateIVTest" computerName="DESKTOP-CQ5TKEK" duration="00:00:00.0002077" startTime="2026-04-07T15:59:36.3403144+08:00" endTime="2026-04-07T15:59:36.3403144+08:00" testType="13cdc9d9-ddb5-4fa4-a97d-d965ccfc6d4b" outcome="Passed" testListId="8c84fa94-04c1-424b-9868-57a2d4851a1d" relativeResultsDirectory="7fbbcf7f-1d75-4c43-9041-5104acb5fd81" />
    <UnitTestResult executionId="af37c8f3-f4e1-4fba-b6fe-fbac0295e0fb" testId="75a49893-2c23-ce7b-a885-d86dc3c0a79a" testName="WellTool.Crypto.Tests.OTPTest.HOTPTest" computerName="DESKTOP-CQ5TKEK" duration="00:00:00.0037244" startTime="2026-04-07T15:59:36.3326937+08:00" endTime="2026-04-07T15:59:36.3326937+08:00" testType="13cdc9d9-ddb5-4fa4-a97d-d965ccfc6d4b" outcome="Passed" testListId="8c84fa94-04c1-424b-9868-57a2d4851a1d" relativeResultsDirectory="af37c8f3-f4e1-4fba-b6fe-fbac0295e0fb" />
    <UnitTestResult executionId="9bb86678-5680-437c-9cba-35ad0e0e1243" testId="3a653009-eb46-77f4-9830-ff8fe9cbaf51" testName="WellTool.Crypto.Tests.UtilTests.TestUtil" computerName="DESKTOP-CQ5TKEK" duration="00:00:00.0032033" startTime="2026-04-07T15:59:36.3190961+08:00" endTime="2026-04-07T15:59:36.3190963+08:00" testType="13cdc9d9-ddb5-4fa4-a97d-d965ccfc6d4b" outcome="Passed" testListId="8c84fa94-04c1-424b-9868-57a2d4851a1d" relativeResultsDirectory="9bb86678-5680-437c-9cba-35ad0e0e1243" />
    <UnitTestResult executionId="6451b235-f30b-447c-921d-39e909a90e17" testId="8c41dca7-5fa0-6f84-df20-eedc78c5ea89" testName="WellTool.Crypto.Tests.Digest.CBCBlockCipherMacEngineTests.TestCBCBlockCipherMacEngine" computerName="DESKTOP-CQ5TKEK" duration="00:00:00.0001342" startTime="2026-04-07T15:59:36.3250387+08:00" endTime="2026-04-07T15:59:36.3250387+08:00" testType="13cdc9d9-ddb5-4fa4-a97d-d965ccfc6d4b" outcome="Passed" testListId="8c84fa94-04c1-424b-9868-57a2d4851a1d" relativeResultsDirectory="6451b235-f30b-447c-921d-39e909a90e17" />
    <UnitTestResult executionId="df7d51c6-d807-4e2d-8693-03a094805498" testId="35dfda2f-1aca-a5f6-605b-266d4221fe10" testName="WellTool.Crypto.Tests.Asymmetric.Issue3925Tests.TestIssue3925" computerName="DESKTOP-CQ5TKEK" duration="00:00:00.0003801" startTime="2026-04-07T15:59:36.3321719+08:00" endTime="2026-04-07T15:59:36.3321719+08:00" testType="13cdc9d9-ddb5-4fa4-a97d-d965ccfc6d4b" outcome="Passed" testListId="8c84fa94-04c1-424b-9868-57a2d4851a1d" relativeResultsDirectory="df7d51c6-d807-4e2d-8693-03a094805498" />
    <UnitTestResult executionId="05b20db7-3315-4aac-84d8-109b11759dbb" testId="6a9d59d6-983c-c624-58fc-c29e14e54a21" testName="WellTool.Crypto.Tests.Issue3512Tests.TestIssue3512" computerName="DESKTOP-CQ5TKEK" duration="00:00:00.0000800" startTime="2026-04-07T15:59:36.3332044+08:00" endTime="2026-04-07T15:59:36.3332045+08:00" testType="13cdc9d9-ddb5-4fa4-a97d-d965ccfc6d4b" outcome="Passed" testListId="8c84fa94-04c1-424b-9868-57a2d4851a1d" relativeResultsDirectory="05b20db7-3315-4aac-84d8-109b11759dbb" />
    <UnitTestResult executionId="04cabba6-4c6e-4fe3-a9d2-f8b053c643a3" testId="543fc5dc-bdae-4d3d-fcae-204419c9e721" testName="WellTool.Crypto.Tests.RSATest.GenerateRsaKeyPairTest" computerName="DESKTOP-CQ5TKEK" duration="00:00:00.0850495" startTime="2026-04-07T15:59:36.4745298+08:00" endTime="2026-04-07T15:59:36.4745302+08:00" testType="13cdc9d9-ddb5-4fa4-a97d-d965ccfc6d4b" outcome="Passed" testListId="8c84fa94-04c1-424b-9868-57a2d4851a1d" relativeResultsDirectory="04cabba6-4c6e-4fe3-a9d2-f8b053c643a3" />
    <UnitTestResult executionId="958f3e70-6dc8-472a-a54a-dea56b35a095" testId="547651f1-de1d-0232-89d9-4d99424fd1fc" testName="WellTool.Crypto.Tests.CryptoTest.TestCrypto" computerName="DESKTOP-CQ5TKEK" duration="00:00:00.0033074" startTime="2026-04-07T15:59:36.3057855+08:00" endTime="2026-04-07T15:59:36.3058040+08:00" testType="13cdc9d9-ddb5-4fa4-a97d-d965ccfc6d4b" outcome="Passed" testListId="8c84fa94-04c1-424b-9868-57a2d4851a1d" relativeResultsDirectory="958f3e70-6dc8-472a-a54a-dea56b35a095" />
    <UnitTestResult executionId="f85b6bb6-5801-414f-aeae-a4da11b80efa" testId="d605a391-282e-f699-9596-4dde4c7644fe" testName="WellTool.Crypto.Tests.KeyUtilTest.GenerateAesKeyTest" computerName="DESKTOP-CQ5TKEK" duration="00:00:00.0000578" startTime="2026-04-07T15:59:36.3403785+08:00" endTime="2026-04-07T15:59:36.3403785+08:00" testType="13cdc9d9-ddb5-4fa4-a97d-d965ccfc6d4b" outcome="Passed" testListId="8c84fa94-04c1-424b-9868-57a2d4851a1d" relativeResultsDirectory="f85b6bb6-5801-414f-aeae-a4da11b80efa" />
    <UnitTestResult executionId="5b7992bb-783e-4914-84a7-57e2923e9ccf" testId="3f390a32-c909-b03c-2db4-17444c27ebd2" testName="WellTool.Crypto.Tests.OTPTest.TOTPTest" computerName="DESKTOP-CQ5TKEK" duration="00:00:00.0005310" startTime="2026-04-07T15:59:36.3331159+08:00" endTime="2026-04-07T15:59:36.3331159+08:00" testType="13cdc9d9-ddb5-4fa4-a97d-d965ccfc6d4b" outcome="Passed" testListId="8c84fa94-04c1-424b-9868-57a2d4851a1d" relativeResultsDirectory="5b7992bb-783e-4914-84a7-57e2923e9ccf" />
  </Results>
  <TestDefinitions>
    <UnitTest name="WellTool.Crypto.Tests.Argon2Test.HashAndVerifyTest" storage="d:\work\welltool\src\welltool.crypto.tests\bin\debug\net8.0\welltool.crypto.tests.dll" id="73aea337-c57b-6076-14de-eba120de9a0d">
      <Execution id="1ca9b633-6ee5-427a-bdda-9a76762d3955" />
      <TestMethod codeBase="d:\Work\WellTool\src\WellTool.Crypto.Tests\bin\Debug\net8.0\WellTool.Crypto.Tests.dll" adapterTypeName="executor://xunit/VsTestRunner2/netcoreapp" className="WellTool.Crypto.Tests.Argon2Test" name="HashAndVerifyTest" />
    </UnitTest>
    <UnitTest name="WellTool.Crypto.Tests.SecureUtilTest.DigestTest" storage="d:\work\welltool\src\welltool.crypto.tests\bin\debug\net8.0\welltool.crypto.tests.dll" id="de7e6ac9-7676-bf55-77ec-e4eb2ce62bd7">
      <Execution id="5ec35c11-02f4-492e-80ef-52f86eeeb48c" />
      <TestMethod codeBase="d:\Work\WellTool\src\WellTool.Crypto.Tests\bin\Debug\net8.0\WellTool.Crypto.Tests.dll" adapterTypeName="executor://xunit/VsTestRunner2/netcoreapp" className="WellTool.Crypto.Tests.SecureUtilTest" name="DigestTest" />
    </UnitTest>
    <UnitTest name="WellTool.Crypto.Tests.KeyUtilTests.TestKeyUtil" storage="d:\work\welltool\src\welltool.crypto.tests\bin\debug\net8.0\welltool.crypto.tests.dll" id="3e5222d5-6bfb-f95c-7592-eae566318e40">
      <Execution id="98d6e220-4637-472f-8dcb-347a46dff85c" />
      <TestMethod codeBase="d:\Work\WellTool\src\WellTool.Crypto.Tests\bin\Debug\net8.0\WellTool.Crypto.Tests.dll" adapterTypeName="executor://xunit/VsTestRunner2/netcoreapp" className="WellTool.Crypto.Tests.KeyUtilTests" name="TestKeyUtil" />
    </UnitTest>
    <UnitTest name="WellTool.Crypto.Tests.KeyUtilTest.GenerateDesKeyTest" storage="d:\work\welltool\src\welltool.crypto.tests\bin\debug\net8.0\welltool.crypto.tests.dll" id="9f898042-fad5-245a-9769-78aec1f14ab5">
      <Execution id="3a46c889-6ddf-49a1-a467-923e18888eb2" />
      <TestMethod codeBase="d:\Work\WellTool\src\WellTool.Crypto.Tests\bin\Debug\net8.0\WellTool.Crypto.Tests.dll" adapterTypeName="executor://xunit/VsTestRunner2/netcoreapp" className="WellTool.Crypto.Tests.KeyUtilTest" name="GenerateDesKeyTest" />
    </UnitTest>
    <UnitTest name="WellTool.Crypto.Tests.RSATest.RsaEncryptDecryptTest" storage="d:\work\welltool\src\welltool.crypto.tests\bin\debug\net8.0\welltool.crypto.tests.dll" id="603345dd-ef72-1dfe-06f0-bfcdba845071">
      <Execution id="b1da036d-9712-4404-a35a-6aa138622dbd" />
      <TestMethod codeBase="d:\Work\WellTool\src\WellTool.Crypto.Tests\bin\Debug\net8.0\WellTool.Crypto.Tests.dll" adapterTypeName="executor://xunit/VsTestRunner2/netcoreapp" className="WellTool.Crypto.Tests.RSATest" name="RsaEncryptDecryptTest" />
    </UnitTest>
    <UnitTest name="WellTool.Crypto.Tests.Md5Test.DigestHexTest" storage="d:\work\welltool\src\welltool.crypto.tests\bin\debug\net8.0\welltool.crypto.tests.dll" id="3bc66e06-12ea-f4d0-2bb0-2e8e520622d7">
      <Execution id="8bc76237-96bb-46c4-b2c1-023490886260" />
      <TestMethod codeBase="d:\Work\WellTool\src\WellTool.Crypto.Tests\bin\Debug\net8.0\WellTool.Crypto.Tests.dll" adapterTypeName="executor://xunit/VsTestRunner2/netcoreapp" className="WellTool.Crypto.Tests.Md5Test" name="DigestHexTest" />
    </UnitTest>
    <UnitTest name="WellTool.Crypto.Tests.SecureUtilTest.AesTest" storage="d:\work\welltool\src\welltool.crypto.tests\bin\debug\net8.0\welltool.crypto.tests.dll" id="36142ddc-cdd7-ec99-0661-208befc9689a">
      <Execution id="1a2f93ea-2054-41c0-a0b2-f808ea4c089f" />
      <TestMethod codeBase="d:\Work\WellTool\src\WellTool.Crypto.Tests\bin\Debug\net8.0\WellTool.Crypto.Tests.dll" adapterTypeName="executor://xunit/VsTestRunner2/netcoreapp" className="WellTool.Crypto.Tests.SecureUtilTest" name="AesTest" />
    </UnitTest>
    <UnitTest name="WellTool.Crypto.Tests.HmacTest.HmacSHA256Test" storage="d:\work\welltool\src\welltool.crypto.tests\bin\debug\net8.0\welltool.crypto.tests.dll" id="a3e15f1a-cfff-59d1-8ea0-a45172db2ebb">
      <Execution id="1ed905c3-3905-40f6-9418-3d9e2d91220b" />
      <TestMethod codeBase="d:\Work\WellTool\src\WellTool.Crypto.Tests\bin\Debug\net8.0\WellTool.Crypto.Tests.dll" adapterTypeName="executor://xunit/VsTestRunner2/netcoreapp" className="WellTool.Crypto.Tests.HmacTest" name="HmacSHA256Test" />
    </UnitTest>
    <UnitTest name="WellTool.Crypto.Tests.KeyUtilTest.GenerateAesKeyTest" storage="d:\work\welltool\src\welltool.crypto.tests\bin\debug\net8.0\welltool.crypto.tests.dll" id="d605a391-282e-f699-9596-4dde4c7644fe">
      <Execution id="f85b6bb6-5801-414f-aeae-a4da11b80efa" />
      <TestMethod codeBase="d:\Work\WellTool\src\WellTool.Crypto.Tests\bin\Debug\net8.0\WellTool.Crypto.Tests.dll" adapterTypeName="executor://xunit/VsTestRunner2/netcoreapp" className="WellTool.Crypto.Tests.KeyUtilTest" name="GenerateAesKeyTest" />
    </UnitTest>
    <UnitTest name="WellTool.Crypto.Tests.IssueID1EIKTest.Test" storage="d:\work\welltool\src\welltool.crypto.tests\bin\debug\net8.0\welltool.crypto.tests.dll" id="f2a40857-b285-69b1-1e89-dacd79e80e45">
      <Execution id="e552cbe5-25c0-499a-af9b-9add9457eff4" />
      <TestMethod codeBase="d:\Work\WellTool\src\WellTool.Crypto.Tests\bin\Debug\net8.0\WellTool.Crypto.Tests.dll" adapterTypeName="executor://xunit/VsTestRunner2/netcoreapp" className="WellTool.Crypto.Tests.IssueID1EIKTest" name="Test" />
    </UnitTest>
    <UnitTest name="WellTool.Crypto.Tests.Asymmetric.RSATests.TestRSA" storage="d:\work\welltool\src\welltool.crypto.tests\bin\debug\net8.0\welltool.crypto.tests.dll" id="04f48ffe-e168-73a2-2d27-361f8c058506">
      <Execution id="37827a21-cb5f-40a3-b626-7662a7fb3a5f" />
      <TestMethod codeBase="d:\Work\WellTool\src\WellTool.Crypto.Tests\bin\Debug\net8.0\WellTool.Crypto.Tests.dll" adapterTypeName="executor://xunit/VsTestRunner2/netcoreapp" className="WellTool.Crypto.Tests.Asymmetric.RSATests" name="TestRSA" />
    </UnitTest>
    <UnitTest name="WellTool.Crypto.Tests.OpensslKeyUtilTests.TestOpensslKeyUtil" storage="d:\work\welltool\src\welltool.crypto.tests\bin\debug\net8.0\welltool.crypto.tests.dll" id="60a1f433-f349-815d-6862-9286f8b95d6f">
      <Execution id="522789f8-2998-4218-9e9f-e6ea8dad24b7" />
      <TestMethod codeBase="d:\Work\WellTool\src\WellTool.Crypto.Tests\bin\Debug\net8.0\WellTool.Crypto.Tests.dll" adapterTypeName="executor://xunit/VsTestRunner2/netcoreapp" className="WellTool.Crypto.Tests.OpensslKeyUtilTests" name="TestOpensslKeyUtil" />
    </UnitTest>
    <UnitTest name="WellTool.Crypto.Tests.CBCBlockCipherMacEngineTest.Test" storage="d:\work\welltool\src\welltool.crypto.tests\bin\debug\net8.0\welltool.crypto.tests.dll" id="38d37c8f-c1f8-3005-4e3f-7d16ab4e06a6">
      <Execution id="22290507-6861-4056-9f1d-2dfa9f053bfc" />
      <TestMethod codeBase="d:\Work\WellTool\src\WellTool.Crypto.Tests\bin\Debug\net8.0\WellTool.Crypto.Tests.dll" adapterTypeName="executor://xunit/VsTestRunner2/netcoreapp" className="WellTool.Crypto.Tests.CBCBlockCipherMacEngineTest" name="Test" />
    </UnitTest>
    <UnitTest name="WellTool.Crypto.Tests.RC4Test.EncryptDecryptTest" storage="d:\work\welltool\src\welltool.crypto.tests\bin\debug\net8.0\welltool.crypto.tests.dll" id="dbb3b3ab-05c5-ccc4-b3dd-bf73acab9a94">
      <Execution id="d2abc3a9-79b7-4d2d-bd05-4fd9a3068b81" />
      <TestMethod codeBase="d:\Work\WellTool\src\WellTool.Crypto.Tests\bin\Debug\net8.0\WellTool.Crypto.Tests.dll" adapterTypeName="executor://xunit/VsTestRunner2/netcoreapp" className="WellTool.Crypto.Tests.RC4Test" name="EncryptDecryptTest" />
    </UnitTest>
    <UnitTest name="WellTool.Crypto.Tests.SM2Test.CreateSM2Test" storage="d:\work\welltool\src\welltool.crypto.tests\bin\debug\net8.0\welltool.crypto.tests.dll" id="4584d83d-77fe-247e-3a32-01a8c25768a4">
      <Execution id="b7b37935-2cb4-41ea-805d-95c702a7cfd1" />
      <TestMethod codeBase="d:\Work\WellTool\src\WellTool.Crypto.Tests\bin\Debug\net8.0\WellTool.Crypto.Tests.dll" adapterTypeName="executor://xunit/VsTestRunner2/netcoreapp" className="WellTool.Crypto.Tests.SM2Test" name="CreateSM2Test" />
    </UnitTest>
    <UnitTest name="WellTool.Crypto.Tests.Symmetric.FPE.FPETests.TestFPE" storage="d:\work\welltool\src\welltool.crypto.tests\bin\debug\net8.0\welltool.crypto.tests.dll" id="54319aba-9261-9657-25e0-c388650f852f">
      <Execution id="11d1f989-1b03-4f3c-b599-47e0dc52b73f" />
      <TestMethod codeBase="d:\Work\WellTool\src\WellTool.Crypto.Tests\bin\Debug\net8.0\WellTool.Crypto.Tests.dll" adapterTypeName="executor://xunit/VsTestRunner2/netcoreapp" className="WellTool.Crypto.Tests.Symmetric.FPE.FPETests" name="TestFPE" />
    </UnitTest>
    <UnitTest name="WellTool.Crypto.Tests.SmTest.Sm4LongContentTest" storage="d:\work\welltool\src\welltool.crypto.tests\bin\debug\net8.0\welltool.crypto.tests.dll" id="52cb1909-3582-4a58-3319-6c7b1530f534">
      <Execution id="ecf3ba8e-7dba-4e52-9d0a-f9cfdea8719b" />
      <TestMethod codeBase="d:\Work\WellTool\src\WellTool.Crypto.Tests\bin\Debug\net8.0\WellTool.Crypto.Tests.dll" adapterTypeName="executor://xunit/VsTestRunner2/netcoreapp" className="WellTool.Crypto.Tests.SmTest" name="Sm4LongContentTest" />
    </UnitTest>
    <UnitTest name="WellTool.Crypto.Tests.HmacTest.HmacMD5Test" storage="d:\work\welltool\src\welltool.crypto.tests\bin\debug\net8.0\welltool.crypto.tests.dll" id="51cc6622-d43b-cf55-d7b5-ab9268e8287f">
      <Execution id="20d47eaf-c9da-474a-a770-046f1bce76db" />
      <TestMethod codeBase="d:\Work\WellTool\src\WellTool.Crypto.Tests\bin\Debug\net8.0\WellTool.Crypto.Tests.dll" adapterTypeName="executor://xunit/VsTestRunner2/netcoreapp" className="WellTool.Crypto.Tests.HmacTest" name="HmacMD5Test" />
    </UnitTest>
    <UnitTest name="WellTool.Crypto.Tests.Digest.CBCBlockCipherMacEngineTests.TestCBCBlockCipherMacEngine" storage="d:\work\welltool\src\welltool.crypto.tests\bin\debug\net8.0\welltool.crypto.tests.dll" id="8c41dca7-5fa0-6f84-df20-eedc78c5ea89">
      <Execution id="6451b235-f30b-447c-921d-39e909a90e17" />
      <TestMethod codeBase="d:\Work\WellTool\src\WellTool.Crypto.Tests\bin\Debug\net8.0\WellTool.Crypto.Tests.dll" adapterTypeName="executor://xunit/VsTestRunner2/netcoreapp" className="WellTool.Crypto.Tests.Digest.CBCBlockCipherMacEngineTests" name="TestCBCBlockCipherMacEngine" />
    </UnitTest>
    <UnitTest name="WellTool.Crypto.Tests.SignTest.SignAndVerifyTest" storage="d:\work\welltool\src\welltool.crypto.tests\bin\debug\net8.0\welltool.crypto.tests.dll" id="4b9376ca-a3fa-2e90-dfd7-d93dbe9bc65e">
      <Execution id="1bb5d3a0-4d13-4d6f-8d3d-510fb98e0e3b" />
      <TestMethod codeBase="d:\Work\WellTool\src\WellTool.Crypto.Tests\bin\Debug\net8.0\WellTool.Crypto.Tests.dll" adapterTypeName="executor://xunit/VsTestRunner2/netcoreapp" className="WellTool.Crypto.Tests.SignTest" name="SignAndVerifyTest" />
    </UnitTest>
    <UnitTest name="WellTool.Crypto.Tests.SecureUtilTest.HmacTest" storage="d:\work\welltool\src\welltool.crypto.tests\bin\debug\net8.0\welltool.crypto.tests.dll" id="788e9531-7c53-20ad-56ab-c9d4faf90ff9">
      <Execution id="edd9a660-0b90-45b6-b808-76e5cae95231" />
      <TestMethod codeBase="d:\Work\WellTool\src\WellTool.Crypto.Tests\bin\Debug\net8.0\WellTool.Crypto.Tests.dll" adapterTypeName="executor://xunit/VsTestRunner2/netcoreapp" className="WellTool.Crypto.Tests.SecureUtilTest" name="HmacTest" />
    </UnitTest>
    <UnitTest name="WellTool.Crypto.Tests.Digest.Argon2Tests.TestArgon2" storage="d:\work\welltool\src\welltool.crypto.tests\bin\debug\net8.0\welltool.crypto.tests.dll" id="82dcd9bf-36d5-73c8-1c2e-9479128e5ce9">
      <Execution id="7e78b527-6633-4a5b-98eb-a2f0670e0a7c" />
      <TestMethod codeBase="d:\Work\WellTool\src\WellTool.Crypto.Tests\bin\Debug\net8.0\WellTool.Crypto.Tests.dll" adapterTypeName="executor://xunit/VsTestRunner2/netcoreapp" className="WellTool.Crypto.Tests.Digest.Argon2Tests" name="TestArgon2" />
    </UnitTest>
    <UnitTest name="WellTool.Crypto.Tests.Digest.Md5Tests.TestMD5" storage="d:\work\welltool\src\welltool.crypto.tests\bin\debug\net8.0\welltool.crypto.tests.dll" id="6cceb1cf-3448-31c0-f3c0-710dc0a129a9">
      <Execution id="9e361510-a822-4283-bd7b-31374a0d225b" />
      <TestMethod codeBase="d:\Work\WellTool\src\WellTool.Crypto.Tests\bin\Debug\net8.0\WellTool.Crypto.Tests.dll" adapterTypeName="executor://xunit/VsTestRunner2/netcoreapp" className="WellTool.Crypto.Tests.Digest.Md5Tests" name="TestMD5" />
    </UnitTest>
    <UnitTest name="WellTool.Crypto.Tests.Issue3925Test.Test" storage="d:\work\welltool\src\welltool.crypto.tests\bin\debug\net8.0\welltool.crypto.tests.dll" id="af666f4c-e3a8-8a95-7266-e20691b4da45">
      <Execution id="e367c7c7-2e93-472f-9c03-86df17a3a17a" />
      <TestMethod codeBase="d:\Work\WellTool\src\WellTool.Crypto.Tests\bin\Debug\net8.0\WellTool.Crypto.Tests.dll" adapterTypeName="executor://xunit/VsTestRunner2/netcoreapp" className="WellTool.Crypto.Tests.Issue3925Test" name="Test" />
    </UnitTest>
    <UnitTest name="WellTool.Crypto.Tests.IssueI6OQJATest.Test" storage="d:\work\welltool\src\welltool.crypto.tests\bin\debug\net8.0\welltool.crypto.tests.dll" id="16ac4e9f-ebaa-a231-e732-866b05524d95">
      <Execution id="582d14d4-aee9-4fbf-bd5e-547b1e73f090" />
      <TestMethod codeBase="d:\Work\WellTool\src\WellTool.Crypto.Tests\bin\Debug\net8.0\WellTool.Crypto.Tests.dll" adapterTypeName="executor://xunit/VsTestRunner2/netcoreapp" className="WellTool.Crypto.Tests.IssueI6OQJATest" name="Test" />
    </UnitTest>
    <UnitTest name="WellTool.Crypto.Tests.Symmetric.Sm4StreamTests.TestSM4Stream" storage="d:\work\welltool\src\welltool.crypto.tests\bin\debug\net8.0\welltool.crypto.tests.dll" id="b4cc6004-e421-8dcf-ff88-f5c2155694c1">
      <Execution id="3f20298c-afe6-415f-838f-532aef5b8c5a" />
      <TestMethod codeBase="d:\Work\WellTool\src\WellTool.Crypto.Tests\bin\Debug\net8.0\WellTool.Crypto.Tests.dll" adapterTypeName="executor://xunit/VsTestRunner2/netcoreapp" className="WellTool.Crypto.Tests.Symmetric.Sm4StreamTests" name="TestSM4Stream" />
    </UnitTest>
    <UnitTest name="WellTool.Crypto.Tests.Asymmetric.SignTests.TestSign" storage="d:\work\welltool\src\welltool.crypto.tests\bin\debug\net8.0\welltool.crypto.tests.dll" id="77d2fadd-ac1f-b50a-b74d-1152223b8bac">
      <Execution id="c4d296bc-825d-4acc-a1c9-8b84b2c75b94" />
      <TestMethod codeBase="d:\Work\WellTool\src\WellTool.Crypto.Tests\bin\Debug\net8.0\WellTool.Crypto.Tests.dll" adapterTypeName="executor://xunit/VsTestRunner2/netcoreapp" className="WellTool.Crypto.Tests.Asymmetric.SignTests" name="TestSign" />
    </UnitTest>
    <UnitTest name="WellTool.Crypto.Tests.Symmetric.ChaCha20Tests.TestChaCha20" storage="d:\work\welltool\src\welltool.crypto.tests\bin\debug\net8.0\welltool.crypto.tests.dll" id="07329bc4-745a-1f9f-41b2-e64e88d93e69">
      <Execution id="281f1d42-ab8f-4fd5-8106-0b7e04a793d4" />
      <TestMethod codeBase="d:\Work\WellTool\src\WellTool.Crypto.Tests\bin\Debug\net8.0\WellTool.Crypto.Tests.dll" adapterTypeName="executor://xunit/VsTestRunner2/netcoreapp" className="WellTool.Crypto.Tests.Symmetric.ChaCha20Tests" name="TestChaCha20" />
    </UnitTest>
    <UnitTest name="WellTool.Crypto.Tests.SM2Test.CreateSM2WithKeysTest" storage="d:\work\welltool\src\welltool.crypto.tests\bin\debug\net8.0\welltool.crypto.tests.dll" id="95b8b5a2-9653-c8e6-309e-f2ba98147ec4">
      <Execution id="bb7a10f7-d853-41ef-894b-5f182ba1004b" />
      <TestMethod codeBase="d:\Work\WellTool\src\WellTool.Crypto.Tests\bin\Debug\net8.0\WellTool.Crypto.Tests.dll" adapterTypeName="executor://xunit/VsTestRunner2/netcoreapp" className="WellTool.Crypto.Tests.SM2Test" name="CreateSM2WithKeysTest" />
    </UnitTest>
    <UnitTest name="WellTool.Crypto.Tests.KeyUtilTest.GenerateSymmetricKeyTest" storage="d:\work\welltool\src\welltool.crypto.tests\bin\debug\net8.0\welltool.crypto.tests.dll" id="5b5a6355-cad4-faab-a97d-f4afbf74a826">
      <Execution id="67261ea4-bd17-416a-be9f-871a0c44547d" />
      <TestMethod codeBase="d:\Work\WellTool\src\WellTool.Crypto.Tests\bin\Debug\net8.0\WellTool.Crypto.Tests.dll" adapterTypeName="executor://xunit/VsTestRunner2/netcoreapp" className="WellTool.Crypto.Tests.KeyUtilTest" name="GenerateSymmetricKeyTest" />
    </UnitTest>
    <UnitTest name="WellTool.Crypto.Tests.ZucTest.EncryptDecryptTest" storage="d:\work\welltool\src\welltool.crypto.tests\bin\debug\net8.0\welltool.crypto.tests.dll" id="5881c7a5-4071-6a80-a714-0582ed4a4dfe">
      <Execution id="48df470f-5ba2-483e-88db-8afd2f132d93" />
      <TestMethod codeBase="d:\Work\WellTool\src\WellTool.Crypto.Tests\bin\Debug\net8.0\WellTool.Crypto.Tests.dll" adapterTypeName="executor://xunit/VsTestRunner2/netcoreapp" className="WellTool.Crypto.Tests.ZucTest" name="EncryptDecryptTest" />
    </UnitTest>
    <UnitTest name="WellTool.Crypto.Tests.ChaCha20Test.EncryptDecryptTest" storage="d:\work\welltool\src\welltool.crypto.tests\bin\debug\net8.0\welltool.crypto.tests.dll" id="cfbbe9cc-87a4-5e6e-f7ec-c0617abc871e">
      <Execution id="676ca4f8-f4f6-4f06-90f3-07a47269d4cc" />
      <TestMethod codeBase="d:\Work\WellTool\src\WellTool.Crypto.Tests\bin\Debug\net8.0\WellTool.Crypto.Tests.dll" adapterTypeName="executor://xunit/VsTestRunner2/netcoreapp" className="WellTool.Crypto.Tests.ChaCha20Test" name="EncryptDecryptTest" />
    </UnitTest>
    <UnitTest name="WellTool.Crypto.Tests.BCUtilTests.TestBCUtil" storage="d:\work\welltool\src\welltool.crypto.tests\bin\debug\net8.0\welltool.crypto.tests.dll" id="5981a5bb-1928-3b3a-4e7b-37bc03e411fa">
      <Execution id="8af9dc54-8ade-4392-a243-26fa8ee90cad" />
      <TestMethod codeBase="d:\Work\WellTool\src\WellTool.Crypto.Tests\bin\Debug\net8.0\WellTool.Crypto.Tests.dll" adapterTypeName="executor://xunit/VsTestRunner2/netcoreapp" className="WellTool.Crypto.Tests.BCUtilTests" name="TestBCUtil" />
    </UnitTest>
    <UnitTest name="WellTool.Crypto.Tests.SecureUtilTests.TestSecureUtil" storage="d:\work\welltool\src\welltool.crypto.tests\bin\debug\net8.0\welltool.crypto.tests.dll" id="0601216d-fc3b-22b9-10fe-e32ce93236a7">
      <Execution id="1eef5043-7f78-4cdd-af9a-b10efab5f1b0" />
      <TestMethod codeBase="d:\Work\WellTool\src\WellTool.Crypto.Tests\bin\Debug\net8.0\WellTool.Crypto.Tests.dll" adapterTypeName="executor://xunit/VsTestRunner2/netcoreapp" className="WellTool.Crypto.Tests.SecureUtilTests" name="TestSecureUtil" />
    </UnitTest>
    <UnitTest name="WellTool.Crypto.Tests.SmTests.TestSM" storage="d:\work\welltool\src\welltool.crypto.tests\bin\debug\net8.0\welltool.crypto.tests.dll" id="16cd7918-142a-1d01-178d-a747a701e2cc">
      <Execution id="089d29c0-53ea-4c52-9aa8-e90acee1ac85" />
      <TestMethod codeBase="d:\Work\WellTool\src\WellTool.Crypto.Tests\bin\Debug\net8.0\WellTool.Crypto.Tests.dll" adapterTypeName="executor://xunit/VsTestRunner2/netcoreapp" className="WellTool.Crypto.Tests.SmTests" name="TestSM" />
    </UnitTest>
[...]
    <TestEntry testId="f238111e-7078-4e99-e310-c2b35e4da60c" executionId="2d3e62fd-3c8c-4e1a-9fb6-eeb53804450a" testListId="8c84fa94-04c1-424b-9868-57a2d4851a1d" />
    <TestEntry testId="869e1b18-ad76-ff63-0165-dd00638b201f" executionId="dea990b2-5a64-48a1-ab5c-d83b87fcf2af" testListId="8c84fa94-04c1-424b-9868-57a2d4851a1d" />
    <TestEntry testId="f2a40857-b285-69b1-1e89-dacd79e80e45" executionId="e552cbe5-25c0-499a-af9b-9add9457eff4" testListId="8c84fa94-04c1-424b-9868-57a2d4851a1d" />
    <TestEntry testId="6bf98172-4cb2-2c2a-ce07-b40f0dfefdf2" executionId="96b66bac-e4c8-4bd9-8873-0338f1434f22" testListId="8c84fa94-04c1-424b-9868-57a2d4851a1d" />
    <TestEntry testId="60a1f433-f349-815d-6862-9286f8b95d6f" executionId="522789f8-2998-4218-9e9f-e6ea8dad24b7" testListId="8c84fa94-04c1-424b-9868-57a2d4851a1d" />
    <TestEntry testId="73aea337-c57b-6076-14de-eba120de9a0d" executionId="1ca9b633-6ee5-427a-bdda-9a76762d3955" testListId="8c84fa94-04c1-424b-9868-57a2d4851a1d" />
    <TestEntry testId="44bc3814-9889-8920-bfa0-157e20b020e1" executionId="f3e4f642-d7ef-468e-9e7d-0e4e3b76d663" testListId="8c84fa94-04c1-424b-9868-57a2d4851a1d" />
    <TestEntry testId="af666f4c-e3a8-8a95-7266-e20691b4da45" executionId="e367c7c7-2e93-472f-9c03-86df17a3a17a" testListId="8c84fa94-04c1-424b-9868-57a2d4851a1d" />
    <TestEntry testId="c7fa3383-8c69-39e1-3edc-0753c5f5e520" executionId="a227485a-8b7a-4810-a698-3e32208aaf33" testListId="8c84fa94-04c1-424b-9868-57a2d4851a1d" />
    <TestEntry testId="bcc12f20-ba54-33a3-0e58-56d3c8e8ea11" executionId="445826b9-ba19-4d7e-9e4b-e69ff30f919b" testListId="8c84fa94-04c1-424b-9868-57a2d4851a1d" />
    <TestEntry testId="d4f08811-35fe-abbf-64eb-25d0d49efb03" executionId="5cb1302a-e138-4d97-8a4a-8258d2b64202" testListId="8c84fa94-04c1-424b-9868-57a2d4851a1d" />
    <TestEntry testId="94085720-dee1-b116-f252-807ef78008da" executionId="7fbbcf7f-1d75-4c43-9041-5104acb5fd81" testListId="8c84fa94-04c1-424b-9868-57a2d4851a1d" />
    <TestEntry testId="75a49893-2c23-ce7b-a885-d86dc3c0a79a" executionId="af37c8f3-f4e1-4fba-b6fe-fbac0295e0fb" testListId="8c84fa94-04c1-424b-9868-57a2d4851a1d" />
    <TestEntry testId="3a653009-eb46-77f4-9830-ff8fe9cbaf51" executionId="9bb86678-5680-437c-9cba-35ad0e0e1243" testListId="8c84fa94-04c1-424b-9868-57a2d4851a1d" />
    <TestEntry testId="8c41dca7-5fa0-6f84-df20-eedc78c5ea89" executionId="6451b235-f30b-447c-921d-39e909a90e17" testListId="8c84fa94-04c1-424b-9868-57a2d4851a1d" />
    <TestEntry testId="35dfda2f-1aca-a5f6-605b-266d4221fe10" executionId="df7d51c6-d807-4e2d-8693-03a094805498" testListId="8c84fa94-04c1-424b-9868-57a2d4851a1d" />
    <TestEntry testId="6a9d59d6-983c-c624-58fc-c29e14e54a21" executionId="05b20db7-3315-4aac-84d8-109b11759dbb" testListId="8c84fa94-04c1-424b-9868-57a2d4851a1d" />
    <TestEntry testId="543fc5dc-bdae-4d3d-fcae-204419c9e721" executionId="04cabba6-4c6e-4fe3-a9d2-f8b053c643a3" testListId="8c84fa94-04c1-424b-9868-57a2d4851a1d" />
    <TestEntry testId="547651f1-de1d-0232-89d9-4d99424fd1fc" executionId="958f3e70-6dc8-472a-a54a-dea56b35a095" testListId="8c84fa94-04c1-424b-9868-57a2d4851a1d" />
    <TestEntry testId="d605a391-282e-f699-9596-4dde4c7644fe" executionId="f85b6bb6-5801-414f-aeae-a4da11b80efa" testListId="8c84fa94-04c1-424b-9868-57a2d4851a1d" />
    <TestEntry testId="3f390a32-c909-b03c-2db4-17444c27ebd2" executionId="5b7992bb-783e-4914-84a7-57e2923e9ccf" testListId="8c84fa94-04c1-424b-9868-57a2d4851a1d" />
  </TestEntries>
  <TestLists>
    <TestList name="列表中未列出的结果" id="8c84fa94-04c1-424b-9868-57a2d4851a1d" />
    <TestList name="所有已加载的结果" id="19431567-8539-422a-85d7-44ee4e166bda" />
  </TestLists>
  <ResultSummary outcome="Failed">
    <Counters total="97" executed="97" passed="86" failed="11" error="0" timeout="0" aborted="0" inconclusive="0" passedButRunAborted="0" notRunnable="0" notExecuted="0" disconnected="0" warning="0" completed="0" inProgress="0" pending="0" />
    <Output>
      <StdOut>[xUnit.net 00:00:00.00] xUnit.net VSTest Adapter v2.5.3.1+6b60a9e56a (64-bit .NET 8.0.25)&#xD;
[xUnit.net 00:00:00.06]   Discovering: WellTool.Crypto.Tests&#xD;
[xUnit.net 00:00:00.09]   Discovered:  WellTool.Crypto.Tests&#xD;
[xUnit.net 00:00:00.10]   Starting:    WellTool.Crypto.Tests&#xD;
[xUnit.net 00:00:00.19]       System.NullReferenceException : Object reference not set to an instance of an object.&#xD;
[xUnit.net 00:00:00.19]       Stack Trace:&#xD;
[xUnit.net 00:00:00.19]            at Org.BouncyCastle.Crypto.Parameters.ECDomainParameters..ctor(X9ECParameters x9)&#xD;
[xUnit.net 00:00:00.19]         d:\Work\WellTool\src\WellTool.Crypto\Asymmetric\ECIES.cs(23,0): at WellTool.Crypto.Asymmetric.ECIES..ctor(String curveName)&#xD;
[xUnit.net 00:00:00.19]         d:\Work\WellTool\src\WellTool.Crypto.Tests\ECIESTest.cs(29,0): at WellTool.Crypto.Tests.ECIESTest.CreateECIESTest()&#xD;
[xUnit.net 00:00:00.19]            at System.RuntimeMethodHandle.InvokeMethod(Object target, Void** arguments, Signature sig, Boolean isConstructor)&#xD;
[xUnit.net 00:00:00.19]            at System.Reflection.MethodBaseInvoker.InvokeWithNoArgs(Object obj, BindingFlags invokeAttr)&#xD;
[xUnit.net 00:00:00.19]       Assert.Equal() Failure: Strings differ&#xD;
[xUnit.net 00:00:00.19]                  ↓ (pos 0)&#xD;
[xUnit.net 00:00:00.19]       Expected: "test中文"&#xD;
[xUnit.net 00:00:00.19]       Actual:   "7�j6©|X��"&#xD;
[xUnit.net 00:00:00.19]                  ↑ (pos 0)&#xD;
[xUnit.net 00:00:00.19]       Stack Trace:&#xD;
[xUnit.net 00:00:00.19]         d:\Work\WellTool\src\WellTool.Crypto.Tests\DesTest.cs(39,0): at WellTool.Crypto.Tests.DesTest.EncryptDecryptTest()&#xD;
[xUnit.net 00:00:00.19]            at System.RuntimeMethodHandle.InvokeMethod(Object target, Void** arguments, Signature sig, Boolean isConstructor)&#xD;
[xUnit.net 00:00:00.19]            at System.Reflection.MethodBaseInvoker.InvokeWithNoArgs(Object obj, BindingFlags invokeAttr)&#xD;
[xUnit.net 00:00:00.19]       System.Security.Cryptography.CryptographicException : Padding is invalid and cannot be removed.&#xD;
[xUnit.net 00:00:00.19]       Stack Trace:&#xD;
[xUnit.net 00:00:00.19]            at System.Security.Cryptography.SymmetricPadding.GetPaddingLength(ReadOnlySpan`1 block, PaddingMode paddingMode, Int32 blockSize)&#xD;
[xUnit.net 00:00:00.19]            at System.Security.Cryptography.UniversalCryptoDecryptor.UncheckedTransformFinalBlock(ReadOnlySpan`1 inputBuffer, Span`1 outputBuffer)&#xD;
[xUnit.net 00:00:00.19]            at System.Security.Cryptography.UniversalCryptoDecryptor.UncheckedTransformFinalBlock(Byte[] inputBuffer, Int32 inputOffset, Int32 inputCount)&#xD;
[xUnit.net 00:00:00.19]            at System.Security.Cryptography.UniversalCryptoTransform.TransformFinalBlock(Byte[] inputBuffer, Int32 inputOffset, Int32 inputCount)&#xD;
[xUnit.net 00:00:00.19]            at System.Security.Cryptography.CryptoStream.ReadAsyncCore(Memory`1 buffer, CancellationToken cancellationToken, Boolean useAsync)&#xD;
[xUnit.net 00:00:00.19]            at System.Security.Cryptography.CryptoStream.Read(Byte[] buffer, Int32 offset, Int32 count)&#xD;
[xUnit.net 00:00:00.19]            at System.Security.Cryptography.CryptoStream.CopyTo(Stream destination, Int32 bufferSize)&#xD;
[xUnit.net 00:00:00.19]         d:\Work\WellTool\src\WellTool.Crypto\Symmetric\AES.cs(118,0): at WellTool.Crypto.Symmetric.AES.Decrypt(Byte[] data, ICryptoTransform decryptor)&#xD;
[xUnit.net 00:00:00.19]         d:\Work\WellTool\src\WellTool.Crypto\Symmetric\AES.cs(80,0): at WellTool.Crypto.Symmetric.AES.Decrypt(Byte[] data)&#xD;
[xUnit.net 00:00:00.19]         d:\Work\WellTool\src\WellTool.Crypto\Symmetric\SymmetricCrypto.cs(101,0): at WellTool.Crypto.Symmetric.SymmetricCrypto.DecryptStr(String encryptedHex)&#xD;
[xUnit.net 00:00:00.19]         d:\Work\WellTool\src\WellTool.Crypto.Tests\SymmetricTest.cs(37,0): at WellTool.Crypto.Tests.SymmetricTest.AESEncryptDecryptTest()&#xD;
[xUnit.net 00:00:00.19]            at System.RuntimeMethodHandle.InvokeMethod(Object target, Void** arguments, Signature sig, Boolean isConstructor)&#xD;
[xUnit.net 00:00:00.19]            at System.Reflection.MethodBaseInvoker.InvokeWithNoArgs(Object obj, BindingFlags invokeAttr)&#xD;
[xUnit.net 00:00:00.19]       System.Security.Cryptography.AuthenticationTagMismatchException : The computed authentication tag did not match the input authentication tag.&#xD;
[xUnit.net 00:00:00.19]       Stack Trace:&#xD;
[xUnit.net 00:00:00.19]            at System.Security.Cryptography.AeadCommon.Decrypt(SafeKeyHandle keyHandle, ReadOnlySpan`1 nonce, ReadOnlySpan`1 associatedData, ReadOnlySpan`1 ciphertext, ReadOnlySpan`1 tag, Span`1 plaintext, Boolean clearPlaintextOnFailure)&#xD;
[xUnit.net 00:00:00.19]            at System.Security.Cryptography.ChaCha20Poly1305.Decrypt(Byte[] nonce, Byte[] ciphertext, Byte[] tag, Byte[] plaintext, Byte[] associatedData)&#xD;
[xUnit.net 00:00:00.19]         d:\Work\WellTool\src\WellTool.Crypto\Symmetric\ChaCha20.cs(70,0): at WellTool.Crypto.Symmetric.ChaCha20.Decrypt(Byte[] ciphertext, Byte[] key, Byte[] nonce)&#xD;
[xUnit.net 00:00:00.19]         d:\Work\WellTool\src\WellTool.Crypto.Tests\ChaCha20Test.cs(37,0): at WellTool.Crypto.Tests.ChaCha20Test.EncryptDecryptTest()&#xD;
[xUnit.net 00:00:00.19]            at System.RuntimeMethodHandle.InvokeMethod(Object target, Void** arguments, Signature sig, Boolean isConstructor)&#xD;
[xUnit.net 00:00:00.19]            at System.Reflection.MethodBaseInvoker.InvokeWithNoArgs(Object obj, BindingFlags invokeAttr)&#xD;
[xUnit.net 00:00:00.19]       Assert.Equal() Failure: Strings differ&#xD;
[xUnit.net 00:00:00.19]                  ↓ (pos 0)&#xD;
[xUnit.net 00:00:00.19]       Expected: "test中文"&#xD;
[xUnit.net 00:00:00.19]       Actual:   "���N5m\u0010��"&#xD;
[xUnit.net 00:00:00.19]                  ↑ (pos 0)&#xD;
[xUnit.net 00:00:00.19]       Stack Trace:&#xD;
[xUnit.net 00:00:00.19]         d:\Work\WellTool\src\WellTool.Crypto.Tests\SymmetricTest.cs(55,0): at WellTool.Crypto.Tests.SymmetricTest.DESedeEncryptDecryptTest()&#xD;
[xUnit.net 00:00:00.19]            at System.RuntimeMethodHandle.InvokeMethod(Object target, Void** arguments, Signature sig, Boolean isConstructor)&#xD;
[xUnit.net 00:00:00.19]            at System.Reflection.MethodBaseInvoker.InvokeWithNoArgs(Object obj, BindingFlags invokeAttr)&#xD;
[xUnit.net 00:00:00.27]       Assert.Equal() Failure: Strings differ&#xD;
[xUnit.net 00:00:00.27]                       ↓ (pos 5)&#xD;
[xUnit.net 00:00:00.27]       Expected: "test中文"&#xD;
[xUnit.net 00:00:00.27]       Actual:   "test中�"&#xD;
[xUnit.net 00:00:00.27]                       ↑ (pos 5)&#xD;
[xUnit.net 00:00:00.27]       Stack Trace:&#xD;
[xUnit.net 00:00:00.27]         d:\Work\WellTool\src\WellTool.Crypto.Tests\TEATest.cs(38,0): at WellTool.Crypto.Tests.TEATest.EncryptDecryptTest()&#xD;
[xUnit.net 00:00:00.27]            at System.RuntimeMethodHandle.InvokeMethod(Object target, Void** arguments, Signature sig, Boolean isConstructor)&#xD;
[xUnit.net 00:00:00.27]            at System.Reflection.MethodBaseInvoker.InvokeWithNoArgs(Object obj, BindingFlags invokeAttr)&#xD;
[xUnit.net 00:00:00.28]       Assert.Equal() Failure: Strings differ&#xD;
[xUnit.net 00:00:00.28]                  ↓ (pos 0)&#xD;
[xUnit.net 00:00:00.28]       Expected: "test中文"&#xD;
[xUnit.net 00:00:00.28]       Actual:   "����9j�\u0005��"&#xD;
[xUnit.net 00:00:00.28]                  ↑ (pos 0)&#xD;
[xUnit.net 00:00:00.28]       Stack Trace:&#xD;
[xUnit.net 00:00:00.28]         d:\Work\WellTool\src\WellTool.Crypto.Tests\RC4Test.cs(38,0): at WellTool.Crypto.Tests.RC4Test.EncryptDecryptTest()&#xD;
[xUnit.net 00:00:00.28]            at System.RuntimeMethodHandle.InvokeMethod(Object target, Void** arguments, Signature sig, Boolean isConstructor)&#xD;
[xUnit.net 00:00:00.28]            at System.Reflection.MethodBaseInvoker.InvokeWithNoArgs(Object obj, BindingFlags invokeAttr)&#xD;
[xUnit.net 00:00:00.28]       System.Security.Cryptography.CryptographicException : Padding is invalid and cannot be removed.&#xD;
[xUnit.net 00:00:00.28]       Stack Trace:&#xD;
[xUnit.net 00:00:00.28]            at System.Security.Cryptography.SymmetricPadding.GetPaddingLength(ReadOnlySpan`1 block, PaddingMode paddingMode, Int32 blockSize)&#xD;
[xUnit.net 00:00:00.28]            at System.Security.Cryptography.UniversalCryptoDecryptor.UncheckedTransformFinalBlock(ReadOnlySpan`1 inputBuffer, Span`1 outputBuffer)&#xD;
[xUnit.net 00:00:00.28]            at System.Security.Cryptography.UniversalCryptoDecryptor.UncheckedTransformFinalBlock(Byte[] inputBuffer, Int32 inputOffset, Int32 inputCount)&#xD;
[xUnit.net 00:00:00.28]            at System.Security.Cryptography.UniversalCryptoTransform.TransformFinalBlock(Byte[] inputBuffer, Int32 inputOffset, Int32 inputCount)&#xD;
[xUnit.net 00:00:00.28]            at System.Security.Cryptography.CryptoStream.ReadAsyncCore(Memory`1 buffer, CancellationToken cancellationToken, Boolean useAsync)&#xD;
[xUnit.net 00:00:00.28]            at System.Security.Cryptography.CryptoStream.Read(Byte[] buffer, Int32 offset, Int32 count)&#xD;
[xUnit.net 00:00:00.28]            at System.Security.Cryptography.CryptoStream.CopyTo(Stream destination, Int32 bufferSize)&#xD;
[xUnit.net 00:00:00.28]         d:\Work\WellTool\src\WellTool.Crypto\Symmetric\AES.cs(118,0): at WellTool.Crypto.Symmetric.AES.Decrypt(Byte[] data, ICryptoTransform decryptor)&#xD;
[xUnit.net 00:00:00.28]         d:\Work\WellTool\src\WellTool.Crypto\Symmetric\AES.cs(80,0): at WellTool.Crypto.Symmetric.AES.Decrypt(Byte[] data)&#xD;
[xUnit.net 00:00:00.28]         d:\Work\WellTool\src\WellTool.Crypto\Symmetric\SymmetricCrypto.cs(114,0): at WellTool.Crypto.Symmetric.SymmetricCrypto.DecryptStr(String encryptedHex, Encoding encoding)&#xD;
[xUnit.net 00:00:00.28]         d:\Work\WellTool\src\WellTool.Crypto.Tests\SecureUtilTest.cs(47,0): at WellTool.Crypto.Tests.SecureUtilTest.AesTest()&#xD;
[xUnit.net 00:00:00.28]            at System.RuntimeMethodHandle.InvokeMethod(Object target, Void** arguments, Signature sig, Boolean isConstructor)&#xD;
[xUnit.net 00:00:00.28]            at System.Reflection.MethodBaseInvoker.InvokeWithNoArgs(Object obj, BindingFlags invokeAttr)&#xD;
[xUnit.net 00:00:00.28]       Assert.Equal() Failure: Strings differ&#xD;
[xUnit.net 00:00:00.28]                  ↓ (pos 0)&#xD;
[xUnit.net 00:00:00.28]       Expected: "test中文"&#xD;
[xUnit.net 00:00:00.28]       Actual:   ""D@݋\u0011J}��"&#xD;
[xUnit.net 00:00:00.28]                  ↑ (pos 0)&#xD;
[xUnit.net 00:00:00.28]       Stack Trace:&#xD;
[xUnit.net 00:00:00.28]         d:\Work\WellTool\src\WellTool.Crypto.Tests\SecureUtilTest.cs(66,0): at WellTool.Crypto.Tests.SecureUtilTest.DesTest()&#xD;
[xUnit.net 00:00:00.28]            at System.RuntimeMethodHandle.InvokeMethod(Object target, Void** arguments, Signature sig, Boolean isConstructor)&#xD;
[xUnit.net 00:00:00.28]            at System.Reflection.MethodBaseInvoker.InvokeWithNoArgs(Object obj, BindingFlags invokeAttr)&#xD;
[xUnit.net 00:00:00.29]       System.NullReferenceException : Object reference not set to an instance of an object.&#xD;
[xUnit.net 00:00:00.29]       Stack Trace:&#xD;
[xUnit.net 00:00:00.29]         d:\Work\WellTool\src\WellTool.Crypto\Digest\HMac.cs(18,0): at WellTool.Crypto.Digest.HMac..ctor(String algorithm, Byte[] key)&#xD;
[xUnit.net 00:00:00.29]         d:\Work\WellTool\src\WellTool.Crypto.Tests\SmTest.cs(106,0): at WellTool.Crypto.Tests.SmTest.HmacSm3Test()&#xD;
[xUnit.net 00:00:00.29]            at System.RuntimeMethodHandle.InvokeMethod(Object target, Void** arguments, Signature sig, Boolean isConstructor)&#xD;
[xUnit.net 00:00:00.29]            at System.Reflection.MethodBaseInvoker.InvokeWithNoArgs(Object obj, BindingFlags invokeAttr)&#xD;
[xUnit.net 00:00:00.29]       System.ArgumentOutOfRangeException : Specified argument was out of the range of valid values. (Parameter 'length')&#xD;
[xUnit.net 00:00:00.29]       Stack Trace:&#xD;
[xUnit.net 00:00:00.29]            at Org.BouncyCastle.Crypto.Utilities.Pack.UInt32_To_BE(UInt32 n, Byte[] bs, Int32 off)&#xD;
[xUnit.net 00:00:00.29]            at Org.BouncyCastle.Crypto.Utilities.Pack.UInt32_To_BE(UInt32[] ns, Byte[] bs, Int32 off)&#xD;
[xUnit.net 00:00:00.29]            at Org.BouncyCastle.Crypto.Digests.SM3Digest.DoFinal(Byte[] output, Int32 outOff)&#xD;
[xUnit.net 00:00:00.29]         d:\Work\WellTool\src\WellTool.Crypto\Digest\SM3.cs(98,0): at WellTool.Crypto.Digest.SM3.Digest(Byte[] data)&#xD;
[xUnit.net 00:00:00.29]         d:\Work\WellTool\src\WellTool.Crypto\Digest\SM3.cs(121,0): at WellTool.Crypto.Digest.SM3.DigestHex(Byte[] data)&#xD;
[xUnit.net 00:00:00.29]         d:\Work\WellTool\src\WellTool.Crypto\Digest\SM3.cs(130,0): at WellTool.Crypto.Digest.SM3.DigestHex(String data)&#xD;
[xUnit.net 00:00:00.29]         d:\Work\WellTool\src\WellTool.Crypto.Tests\SmTest.cs(29,0): at WellTool.Crypto.Tests.SmTest.Sm3Test()&#xD;
[xUnit.net 00:00:00.29]            at System.RuntimeMethodHandle.InvokeMethod(Object target, Void** arguments, Signature sig, Boolean isConstructor)&#xD;
[xUnit.net 00:00:00.29]            at System.Reflection.MethodBaseInvoker.InvokeWithNoArgs(Object obj, BindingFlags invokeAttr)&#xD;
[xUnit.net 00:00:01.29]   Finished:    WellTool.Crypto.Tests&#xD;
</StdOut>
    </Output>
    <RunInfos>
      <RunInfo computerName="DESKTOP-CQ5TKEK" outcome="Error" timestamp="2026-04-07T15:59:36.3654004+08:00">
        <Text>[xUnit.net 00:00:00.18]     WellTool.Crypto.Tests.ECIESTest.CreateECIESTest [FAIL]</Text>
      </RunInfo>
      <RunInfo computerName="DESKTOP-CQ5TKEK" outcome="Error" timestamp="2026-04-07T15:59:36.3657042+08:00">
        <Text>[xUnit.net 00:00:00.19]     WellTool.Crypto.Tests.DesTest.EncryptDecryptTest [FAIL]</Text>
      </RunInfo>
      <RunInfo computerName="DESKTOP-CQ5TKEK" outcome="Error" timestamp="2026-04-07T15:59:36.3664985+08:00">
        <Text>[xUnit.net 00:00:00.19]     WellTool.Crypto.Tests.SymmetricTest.AESEncryptDecryptTest [FAIL]</Text>
      </RunInfo>
      <RunInfo computerName="DESKTOP-CQ5TKEK" outcome="Error" timestamp="2026-04-07T15:59:36.3665718+08:00">
        <Text>[xUnit.net 00:00:00.19]     WellTool.Crypto.Tests.ChaCha20Test.EncryptDecryptTest [FAIL]</Text>
      </RunInfo>
      <RunInfo computerName="DESKTOP-CQ5TKEK" outcome="Error" timestamp="2026-04-07T15:59:36.3666153+08:00">
        <Text>[xUnit.net 00:00:00.19]     WellTool.Crypto.Tests.SymmetricTest.DESedeEncryptDecryptTest [FAIL]</Text>
      </RunInfo>
      <RunInfo computerName="DESKTOP-CQ5TKEK" outcome="Error" timestamp="2026-04-07T15:59:36.4292557+08:00">
        <Text>[xUnit.net 00:00:00.27]     WellTool.Crypto.Tests.TEATest.EncryptDecryptTest [FAIL]</Text>
      </RunInfo>
      <RunInfo computerName="DESKTOP-CQ5TKEK" outcome="Error" timestamp="2026-04-07T15:59:36.4336052+08:00">
        <Text>[xUnit.net 00:00:00.27]     WellTool.Crypto.Tests.RC4Test.EncryptDecryptTest [FAIL]</Text>
      </RunInfo>
      <RunInfo computerName="DESKTOP-CQ5TKEK" outcome="Error" timestamp="2026-04-07T15:59:36.4416175+08:00">
        <Text>[xUnit.net 00:00:00.28]     WellTool.Crypto.Tests.SecureUtilTest.AesTest [FAIL]</Text>
      </RunInfo>
      <RunInfo computerName="DESKTOP-CQ5TKEK" outcome="Error" timestamp="2026-04-07T15:59:36.4427574+08:00">
        <Text>[xUnit.net 00:00:00.28]     WellTool.Crypto.Tests.SecureUtilTest.DesTest [FAIL]</Text>
      </RunInfo>
      <RunInfo computerName="DESKTOP-CQ5TKEK" outcome="Error" timestamp="2026-04-07T15:59:36.4473689+08:00">
        <Text>[xUnit.net 00:00:00.29]     WellTool.Crypto.Tests.SmTest.HmacSm3Test [FAIL]</Text>
      </RunInfo>
      <RunInfo computerName="DESKTOP-CQ5TKEK" outcome="Error" timestamp="2026-04-07T15:59:36.4504002+08:00">
        <Text>[xUnit.net 00:00:00.29]     WellTool.Crypto.Tests.SmTest.Sm3Test [FAIL]</Text>
      </RunInfo>
    </RunInfos>
  </ResultSummary>
</TestRun>